Using pre-set license
Built from '2020.3/staging' branch; Version is '2020.3.20f1 (41c4e627c95f) revision 4310246'; Using compiler version '192528614'; Build Type 'Release'
OS: 'Windows 10 Pro; OS build 19044.1147; Version 2009; 64bit' Language: 'ko' Physical Memory: 16298 MB
BatchMode: 1, IsHumanControllingUs: 0, StartBugReporterOnCrash: 0, Is64bit: 1, IsPro: 0

COMMAND LINE ARGUMENTS:
C:\Program Files\Unity\Hub\Editor\2020.3.20f1\Editor\Unity.exe
-adb2
-batchMode
-noUpm
-name
AssetImportWorker0
-projectPath
C:/Users/User/Desktop/SBS-Academy/inventory
-logFile
Logs/AssetImportWorker0.log
-srvPort
63161
Successfully changed project path to: C:/Users/User/Desktop/SBS-Academy/inventory
C:/Users/User/Desktop/SBS-Academy/inventory
Using Asset Import Pipeline V2.
Refreshing native plugins compatible for Editor in 24.32 ms, found 2 plugins.
Preloading 0 native plugins for Editor in 0.00 ms.
Initialize engine version: 2020.3.20f1 (41c4e627c95f)
[Subsystems] Discovering subsystems at path C:/Program Files/Unity/Hub/Editor/2020.3.20f1/Editor/Data/Resources/UnitySubsystems
[Subsystems] Discovering subsystems at path C:/Users/User/Desktop/SBS-Academy/inventory/Assets
GfxDevice: creating device client; threaded=0
Direct3D:
    Version:  Direct3D 11.0 [level 11.1]
    Renderer: NVIDIA GeForce GTX 1660 SUPER (ID=0x21c4)
    Vendor:   
    VRAM:     5991 MB
    Driver:   27.21.14.5671
Initialize mono
Mono path[0] = 'C:/Program Files/Unity/Hub/Editor/2020.3.20f1/Editor/Data/Managed'
Mono path[1] = 'C:/Program Files/Unity/Hub/Editor/2020.3.20f1/Editor/Data/MonoBleedingEdge/lib/mono/unityjit'
Mono config path = 'C:/Program Files/Unity/Hub/Editor/2020.3.20f1/Editor/Data/MonoBleedingEdge/etc'
Using monoOptions --debugger-agent=transport=dt_socket,embedding=1,server=y,suspend=n,address=127.0.0.1:56960
Begin MonoManager ReloadAssembly
Registering precompiled unity dll's ...
Register platform support module: C:/Program Files/Unity/Hub/Editor/2020.3.20f1/Editor/Data/PlaybackEngines/WindowsStandaloneSupport/UnityEditor.WindowsStandalone.Extensions.dll
Registered in 0.000748 seconds.
Native extension for WindowsStandalone target not found
Refreshing native plugins compatible for Editor in 23.91 ms, found 2 plugins.
Preloading 0 native plugins for Editor in 0.00 ms.
Mono: successfully reloaded assembly
- Completed reload, in  0.678 seconds
Domain Reload Profiling:
	ReloadAssembly (678ms)
		BeginReloadAssembly (38ms)
			ExecutionOrderSort (0ms)
			DisableScriptedObjects (0ms)
			BackupInstance (0ms)
			ReleaseScriptingObjects (0ms)
			CreateAndSetChildDomain (1ms)
		EndReloadAssembly (314ms)
			LoadAssemblies (37ms)
			RebuildTransferFunctionScriptingTraits (0ms)
			SetupTypeCache (119ms)
			ReleaseScriptCaches (0ms)
			RebuildScriptCaches (24ms)
			SetupLoadedEditorAssemblies (120ms)
				LogAssemblyErrors (0ms)
				InitializePlatformSupportModulesInManaged (3ms)
				SetLoadedEditorAssemblies (0ms)
				RefreshPlugins (24ms)
				BeforeProcessingInitializeOnLoad (13ms)
				ProcessInitializeOnLoadAttributes (58ms)
				ProcessInitializeOnLoadMethodAttributes (21ms)
				AfterProcessingInitializeOnLoad (0ms)
				EditorAssembliesLoaded (0ms)
			ExecutionOrderSort2 (0ms)
			AwakeInstancesAfterBackupRestoration (0ms)
Platform modules already initialized, skipping
Registering precompiled user dll's ...
Registered in 0.001117 seconds.
Begin MonoManager ReloadAssembly
Native extension for WindowsStandalone target not found
Refreshing native plugins compatible for Editor in 0.31 ms, found 2 plugins.
Preloading 0 native plugins for Editor in 0.00 ms.
Mono: successfully reloaded assembly
- Completed reload, in  0.728 seconds
Domain Reload Profiling:
	ReloadAssembly (729ms)
		BeginReloadAssembly (106ms)
			ExecutionOrderSort (0ms)
			DisableScriptedObjects (4ms)
			BackupInstance (0ms)
			ReleaseScriptingObjects (0ms)
			CreateAndSetChildDomain (15ms)
		EndReloadAssembly (580ms)
			LoadAssemblies (59ms)
			RebuildTransferFunctionScriptingTraits (0ms)
			SetupTypeCache (198ms)
			ReleaseScriptCaches (0ms)
			RebuildScriptCaches (31ms)
			SetupLoadedEditorAssemblies (220ms)
				LogAssemblyErrors (0ms)
				InitializePlatformSupportModulesInManaged (4ms)
				SetLoadedEditorAssemblies (0ms)
				RefreshPlugins (0ms)
				BeforeProcessingInitializeOnLoad (54ms)
				ProcessInitializeOnLoadAttributes (155ms)
				ProcessInitializeOnLoadMethodAttributes (3ms)
				AfterProcessingInitializeOnLoad (3ms)
				EditorAssembliesLoaded (0ms)
			ExecutionOrderSort2 (0ms)
			AwakeInstancesAfterBackupRestoration (5ms)
Platform modules already initialized, skipping
========================================================================
Worker process is ready to serve import requests
Launched and connected shader compiler UnityShaderCompiler.exe after 0.03 seconds
Refreshing native plugins compatible for Editor in 0.33 ms, found 2 plugins.
Preloading 0 native plugins for Editor in 0.00 ms.
Unloading 1402 Unused Serialized files (Serialized files now loaded: 0)
System memory in use before: 66.3 MB.
System memory in use after: 66.4 MB.

Unloading 16 unused Assets to reduce memory usage. Loaded Objects now: 1839.
Total: 2.136400 ms (FindLiveObjects: 0.125300 ms CreateObjectMapping: 0.038000 ms MarkObjects: 1.926900 ms  DeleteObjects: 0.045500 ms)

AssetImportParameters requested are different than current active one (requested -> active):
  custom:framework-win-MediaFoundation: 216162199b28c13a410421893ffa2e32 -> 
  custom:video-decoder-ogg-theora: a1e56fd34408186e4bbccfd4996cb3dc -> 
  custom:container-muxer-webm: aa71ff27fc2769a1b78a27578f13a17b -> 
  custom:container-demuxer-webm: 4f35f7cbe854078d1ac9338744f61a02 -> 
  custom:container-demuxer-ogg: 62fdf1f143b41e24485cea50d1cbac27 -> 
  custom:video-encoder-webm-vp8: eb34c28f22e8b96e1ab97ce403110664 -> 
  custom:video-decoder-webm-vp8: 9c59270c3fd7afecdb556c50c9e8de78 -> 
  custom:audio-decoder-ogg-vorbis: bf7c407c2cedff20999df2af8eb42d56 -> 
  custom:audio-encoder-webm-vorbis: bf7c407c2cedff20999df2af8eb42d56 -> 
========================================================================
Received Import Request.
  path: Assets/Inventory/Scripts/UI/UIMenu.cs
  artifactKey: Guid(bcbdda6fba6e5a64bbed472e4655da09) Importer(815301076,1909f56bfc062723c751e8b465ee728b)
Start importing Assets/Inventory/Scripts/UI/UIMenu.cs using Guid(bcbdda6fba6e5a64bbed472e4655da09) Importer(815301076,1909f56bfc062723c751e8b465ee728b)  -> (artifact id: '7f41cd0620dc2f32b6c8136ced768c0f') in 0.010824 seconds 
  Import took 0.012551 seconds .

========================================================================
Received Import Request.
  Time since last request: 742.555715 seconds.
  path: Assets/Inventory/Scripts/UI/UIMenu.cs
  artifactKey: Guid(bcbdda6fba6e5a64bbed472e4655da09) Importer(815301076,1909f56bfc062723c751e8b465ee728b)
Start importing Assets/Inventory/Scripts/UI/UIMenu.cs using Guid(bcbdda6fba6e5a64bbed472e4655da09) Importer(815301076,1909f56bfc062723c751e8b465ee728b)  -> (artifact id: '7d155f2626facfe92902de324caa8492') in 0.000808 seconds 
  Import took 0.002919 seconds .

========================================================================
Received Prepare
Registering precompiled user dll's ...
Registered in 0.001051 seconds.
Begin MonoManager ReloadAssembly
Native extension for WindowsStandalone target not found
Refreshing native plugins compatible for Editor in 0.30 ms, found 2 plugins.
Preloading 0 native plugins for Editor in 0.00 ms.
Mono: successfully reloaded assembly
- Completed reload, in  0.696 seconds
Domain Reload Profiling:
	ReloadAssembly (697ms)
		BeginReloadAssembly (82ms)
			ExecutionOrderSort (0ms)
			DisableScriptedObjects (3ms)
			BackupInstance (0ms)
			ReleaseScriptingObjects (0ms)
			CreateAndSetChildDomain (25ms)
		EndReloadAssembly (572ms)
			LoadAssemblies (61ms)
			RebuildTransferFunctionScriptingTraits (0ms)
			SetupTypeCache (206ms)
			ReleaseScriptCaches (1ms)
			RebuildScriptCaches (28ms)
			SetupLoadedEditorAssemblies (199ms)
				LogAssemblyErrors (0ms)
				InitializePlatformSupportModulesInManaged (4ms)
				SetLoadedEditorAssemblies (0ms)
				RefreshPlugins (0ms)
				BeforeProcessingInitializeOnLoad (49ms)
				ProcessInitializeOnLoadAttributes (140ms)
				ProcessInitializeOnLoadMethodAttributes (3ms)
				AfterProcessingInitializeOnLoad (2ms)
				EditorAssembliesLoaded (0ms)
			ExecutionOrderSort2 (0ms)
			AwakeInstancesAfterBackupRestoration (5ms)
Platform modules already initialized, skipping
Refreshing native plugins compatible for Editor in 0.28 ms, found 2 plugins.
Preloading 0 native plugins for Editor in 0.00 ms.
Unloading 1396 Unused Serialized files (Serialized files now loaded: 0)
System memory in use before: 66.1 MB.
System memory in use after: 66.2 MB.

Unloading 11 unused Assets to reduce memory usage. Loaded Objects now: 1841.
Total: 2.016000 ms (FindLiveObjects: 0.122800 ms CreateObjectMapping: 0.037100 ms MarkObjects: 1.844900 ms  DeleteObjects: 0.010600 ms)

AssetImportParameters requested are different than current active one (requested -> active):
  custom:framework-win-MediaFoundation: 216162199b28c13a410421893ffa2e32 -> 
  custom:video-decoder-ogg-theora: a1e56fd34408186e4bbccfd4996cb3dc -> 
  custom:container-muxer-webm: aa71ff27fc2769a1b78a27578f13a17b -> 
  custom:container-demuxer-webm: 4f35f7cbe854078d1ac9338744f61a02 -> 
  custom:container-demuxer-ogg: 62fdf1f143b41e24485cea50d1cbac27 -> 
  custom:video-encoder-webm-vp8: eb34c28f22e8b96e1ab97ce403110664 -> 
  custom:video-decoder-webm-vp8: 9c59270c3fd7afecdb556c50c9e8de78 -> 
  custom:audio-decoder-ogg-vorbis: bf7c407c2cedff20999df2af8eb42d56 -> 
  custom:audio-encoder-webm-vorbis: bf7c407c2cedff20999df2af8eb42d56 -> 
========================================================================
Received Prepare
Registering precompiled user dll's ...
Registered in 0.001143 seconds.
Begin MonoManager ReloadAssembly
Native extension for WindowsStandalone target not found
Refreshing native plugins compatible for Editor in 0.31 ms, found 2 plugins.
Preloading 0 native plugins for Editor in 0.00 ms.
Mono: successfully reloaded assembly
- Completed reload, in  0.681 seconds
Domain Reload Profiling:
	ReloadAssembly (681ms)
		BeginReloadAssembly (85ms)
			ExecutionOrderSort (0ms)
			DisableScriptedObjects (3ms)
			BackupInstance (0ms)
			ReleaseScriptingObjects (0ms)
			CreateAndSetChildDomain (23ms)
		EndReloadAssembly (553ms)
			LoadAssemblies (58ms)
			RebuildTransferFunctionScriptingTraits (0ms)
			SetupTypeCache (201ms)
			ReleaseScriptCaches (1ms)
			RebuildScriptCaches (28ms)
			SetupLoadedEditorAssemblies (196ms)
				LogAssemblyErrors (0ms)
				InitializePlatformSupportModulesInManaged (4ms)
				SetLoadedEditorAssemblies (0ms)
				RefreshPlugins (0ms)
				BeforeProcessingInitializeOnLoad (48ms)
				ProcessInitializeOnLoadAttributes (139ms)
				ProcessInitializeOnLoadMethodAttributes (3ms)
				AfterProcessingInitializeOnLoad (2ms)
				EditorAssembliesLoaded (0ms)
			ExecutionOrderSort2 (0ms)
			AwakeInstancesAfterBackupRestoration (5ms)
Platform modules already initialized, skipping
Refreshing native plugins compatible for Editor in 0.26 ms, found 2 plugins.
Preloading 0 native plugins for Editor in 0.00 ms.
Unloading 1396 Unused Serialized files (Serialized files now loaded: 0)
System memory in use before: 66.2 MB.
System memory in use after: 66.3 MB.

Unloading 11 unused Assets to reduce memory usage. Loaded Objects now: 1843.
Total: 2.033400 ms (FindLiveObjects: 0.117700 ms CreateObjectMapping: 0.036400 ms MarkObjects: 1.867800 ms  DeleteObjects: 0.010800 ms)

AssetImportParameters requested are different than current active one (requested -> active):
  custom:framework-win-MediaFoundation: 216162199b28c13a410421893ffa2e32 -> 
  custom:video-decoder-ogg-theora: a1e56fd34408186e4bbccfd4996cb3dc -> 
  custom:container-muxer-webm: aa71ff27fc2769a1b78a27578f13a17b -> 
  custom:container-demuxer-webm: 4f35f7cbe854078d1ac9338744f61a02 -> 
  custom:container-demuxer-ogg: 62fdf1f143b41e24485cea50d1cbac27 -> 
  custom:video-encoder-webm-vp8: eb34c28f22e8b96e1ab97ce403110664 -> 
  custom:video-decoder-webm-vp8: 9c59270c3fd7afecdb556c50c9e8de78 -> 
  custom:audio-decoder-ogg-vorbis: bf7c407c2cedff20999df2af8eb42d56 -> 
  custom:audio-encoder-webm-vorbis: bf7c407c2cedff20999df2af8eb42d56 -> 
========================================================================
Received Import Request.
  Time since last request: 619.075215 seconds.
  path: Assets/Inventory/Art/ani/MenuUp.anim
  artifactKey: Guid(9f5277f27143e174d8a53fbc9f10ffd9) Importer(815301076,1909f56bfc062723c751e8b465ee728b)
Start importing Assets/Inventory/Art/ani/MenuUp.anim using Guid(9f5277f27143e174d8a53fbc9f10ffd9) Importer(815301076,1909f56bfc062723c751e8b465ee728b)  -> (artifact id: '7be80f08910a206532b494f9dc65888c') in 0.011145 seconds 
  Import took 0.013406 seconds .

========================================================================
Received Import Request.
  Time since last request: 117.457261 seconds.
  path: Assets/Inventory/Art/ani/MenuDown.anim
  artifactKey: Guid(b23191e83177eab48bb2c2e471e88956) Importer(815301076,1909f56bfc062723c751e8b465ee728b)
Start importing Assets/Inventory/Art/ani/MenuDown.anim using Guid(b23191e83177eab48bb2c2e471e88956) Importer(815301076,1909f56bfc062723c751e8b465ee728b)  -> (artifact id: '9a1e3c312349392d68d1fb0880738306') in 0.001180 seconds 
  Import took 0.003898 seconds .

========================================================================
Received Prepare
Registering precompiled user dll's ...
Registered in 0.001170 seconds.
Begin MonoManager ReloadAssembly
Native extension for WindowsStandalone target not found
Refreshing native plugins compatible for Editor in 0.31 ms, found 2 plugins.
Preloading 0 native plugins for Editor in 0.00 ms.
Mono: successfully reloaded assembly
- Completed reload, in  0.670 seconds
Domain Reload Profiling:
	ReloadAssembly (670ms)
		BeginReloadAssembly (78ms)
			ExecutionOrderSort (0ms)
			DisableScriptedObjects (4ms)
			BackupInstance (0ms)
			ReleaseScriptingObjects (0ms)
			CreateAndSetChildDomain (25ms)
		EndReloadAssembly (549ms)
			LoadAssemblies (57ms)
			RebuildTransferFunctionScriptingTraits (0ms)
			SetupTypeCache (192ms)
			ReleaseScriptCaches (1ms)
			RebuildScriptCaches (27ms)
			SetupLoadedEditorAssemblies (199ms)
				LogAssemblyErrors (0ms)
				InitializePlatformSupportModulesInManaged (4ms)
				SetLoadedEditorAssemblies (0ms)
				RefreshPlugins (0ms)
				BeforeProcessingInitializeOnLoad (49ms)
				ProcessInitializeOnLoadAttributes (141ms)
				ProcessInitializeOnLoadMethodAttributes (3ms)
				AfterProcessingInitializeOnLoad (2ms)
				EditorAssembliesLoaded (0ms)
			ExecutionOrderSort2 (0ms)
			AwakeInstancesAfterBackupRestoration (5ms)
Platform modules already initialized, skipping
Refreshing native plugins compatible for Editor in 0.26 ms, found 2 plugins.
Preloading 0 native plugins for Editor in 0.00 ms.
Unloading 1396 Unused Serialized files (Serialized files now loaded: 0)
System memory in use before: 66.2 MB.
System memory in use after: 66.3 MB.

Unloading 11 unused Assets to reduce memory usage. Loaded Objects now: 1845.
Total: 2.065800 ms (FindLiveObjects: 0.125400 ms CreateObjectMapping: 0.046400 ms MarkObjects: 1.881500 ms  DeleteObjects: 0.011600 ms)

AssetImportParameters requested are different than current active one (requested -> active):
  custom:framework-win-MediaFoundation: 216162199b28c13a410421893ffa2e32 -> 
  custom:video-decoder-ogg-theora: a1e56fd34408186e4bbccfd4996cb3dc -> 
  custom:container-muxer-webm: aa71ff27fc2769a1b78a27578f13a17b -> 
  custom:container-demuxer-webm: 4f35f7cbe854078d1ac9338744f61a02 -> 
  custom:container-demuxer-ogg: 62fdf1f143b41e24485cea50d1cbac27 -> 
  custom:video-encoder-webm-vp8: eb34c28f22e8b96e1ab97ce403110664 -> 
  custom:video-decoder-webm-vp8: 9c59270c3fd7afecdb556c50c9e8de78 -> 
  custom:audio-decoder-ogg-vorbis: bf7c407c2cedff20999df2af8eb42d56 -> 
  custom:audio-encoder-webm-vorbis: bf7c407c2cedff20999df2af8eb42d56 -> 
========================================================================
Received Prepare
Registering precompiled user dll's ...
Registered in 0.001013 seconds.
Begin MonoManager ReloadAssembly
Native extension for WindowsStandalone target not found
Refreshing native plugins compatible for Editor in 0.31 ms, found 2 plugins.
Preloading 0 native plugins for Editor in 0.00 ms.
Mono: successfully reloaded assembly
- Completed reload, in  0.690 seconds
Domain Reload Profiling:
	ReloadAssembly (690ms)
		BeginReloadAssembly (89ms)
			ExecutionOrderSort (0ms)
			DisableScriptedObjects (3ms)
			BackupInstance (0ms)
			ReleaseScriptingObjects (0ms)
			CreateAndSetChildDomain (24ms)
		EndReloadAssembly (558ms)
			LoadAssemblies (57ms)
			RebuildTransferFunctionScriptingTraits (0ms)
			SetupTypeCache (195ms)
			ReleaseScriptCaches (1ms)
			RebuildScriptCaches (28ms)
			SetupLoadedEditorAssemblies (202ms)
				LogAssemblyErrors (0ms)
				InitializePlatformSupportModulesInManaged (4ms)
				SetLoadedEditorAssemblies (0ms)
				RefreshPlugins (0ms)
				BeforeProcessingInitializeOnLoad (50ms)
				ProcessInitializeOnLoadAttributes (141ms)
				ProcessInitializeOnLoadMethodAttributes (3ms)
				AfterProcessingInitializeOnLoad (2ms)
				EditorAssembliesLoaded (0ms)
			ExecutionOrderSort2 (0ms)
			AwakeInstancesAfterBackupRestoration (6ms)
Platform modules already initialized, skipping
Refreshing native plugins compatible for Editor in 0.29 ms, found 2 plugins.
Preloading 0 native plugins for Editor in 0.00 ms.
Unloading 1396 Unused Serialized files (Serialized files now loaded: 0)
System memory in use before: 66.2 MB.
System memory in use after: 66.3 MB.

Unloading 11 unused Assets to reduce memory usage. Loaded Objects now: 1847.
Total: 2.069200 ms (FindLiveObjects: 0.115900 ms CreateObjectMapping: 0.037900 ms MarkObjects: 1.902200 ms  DeleteObjects: 0.012300 ms)

AssetImportParameters requested are different than current active one (requested -> active):
  custom:framework-win-MediaFoundation: 216162199b28c13a410421893ffa2e32 -> 
  custom:video-decoder-ogg-theora: a1e56fd34408186e4bbccfd4996cb3dc -> 
  custom:container-muxer-webm: aa71ff27fc2769a1b78a27578f13a17b -> 
  custom:container-demuxer-webm: 4f35f7cbe854078d1ac9338744f61a02 -> 
  custom:container-demuxer-ogg: 62fdf1f143b41e24485cea50d1cbac27 -> 
  custom:video-encoder-webm-vp8: eb34c28f22e8b96e1ab97ce403110664 -> 
  custom:video-decoder-webm-vp8: 9c59270c3fd7afecdb556c50c9e8de78 -> 
  custom:audio-decoder-ogg-vorbis: bf7c407c2cedff20999df2af8eb42d56 -> 
  custom:audio-encoder-webm-vorbis: bf7c407c2cedff20999df2af8eb42d56 -> 
========================================================================
Received Import Request.
  Time since last request: 569.921038 seconds.
  path: Assets/Inventory/Art/ani/Bow_Pull.fbx
  artifactKey: Guid(75140be1b1e014e45b00512c64baf628) Importer(815301076,1909f56bfc062723c751e8b465ee728b)
Start importing Assets/Inventory/Art/ani/Bow_Pull.fbx using Guid(75140be1b1e014e45b00512c64baf628) Importer(815301076,1909f56bfc062723c751e8b465ee728b)  -> (artifact id: 'f2416e0bcbd97f7a86fb94715d38faec') in 0.026683 seconds 
  Import took 0.029487 seconds .

========================================================================
Received Import Request.
  Time since last request: 0.000148 seconds.
  path: Assets/Inventory/Arts/ani/Idle A.fbx
  artifactKey: Guid(fccad4a6da760be48862e052cb8f42b1) Importer(815301076,1909f56bfc062723c751e8b465ee728b)
Start importing Assets/Inventory/Arts/ani/Idle A.fbx using Guid(fccad4a6da760be48862e052cb8f42b1) Importer(815301076,1909f56bfc062723c751e8b465ee728b)  -> (artifact id: '60e9f06f8975f70aaee33bad6b3c8b09') in 0.004247 seconds 
  Import took 0.006266 seconds .

========================================================================
Received Import Request.
  Time since last request: 0.834876 seconds.
  path: Assets/Inventory/Arts/ani/Bow_Pull.fbx
  artifactKey: Guid(eee71a7ea39e2b24f830aec042131791) Importer(815301076,1909f56bfc062723c751e8b465ee728b)
Start importing Assets/Inventory/Arts/ani/Bow_Pull.fbx using Guid(eee71a7ea39e2b24f830aec042131791) Importer(815301076,1909f56bfc062723c751e8b465ee728b)  -> (artifact id: '1274e297a8f61bfbfc09531b973afb11') in 0.006075 seconds 
  Import took 0.008322 seconds .

========================================================================
Received Import Request.
  Time since last request: 0.025574 seconds.
  path: Assets/Inventory/Arts/ani/Walk Hold.fbx
  artifactKey: Guid(b988b9477a48e2e448723904b72f41e4) Importer(815301076,1909f56bfc062723c751e8b465ee728b)
Start importing Assets/Inventory/Arts/ani/Walk Hold.fbx using Guid(b988b9477a48e2e448723904b72f41e4) Importer(815301076,1909f56bfc062723c751e8b465ee728b)  -> (artifact id: '59e68cd0a6c08d1d4a5a94b462e999a1') in 0.004102 seconds 
  Import took 0.006192 seconds .

========================================================================
Received Import Request.
  Time since last request: 0.000152 seconds.
  path: Assets/Inventory/Arts/ani/Bow_Fire.fbx
  artifactKey: Guid(8f41b86acc115ff439a0e05725748c38) Importer(815301076,1909f56bfc062723c751e8b465ee728b)
Start importing Assets/Inventory/Arts/ani/Bow_Fire.fbx using Guid(8f41b86acc115ff439a0e05725748c38) Importer(815301076,1909f56bfc062723c751e8b465ee728b)  -> (artifact id: 'fb37c37291f2a7ef5f25671aa97e1185') in 0.005524 seconds 
  Import took 0.007596 seconds .

========================================================================
Received Import Request.
  Time since last request: 0.028621 seconds.
  path: Assets/Inventory/Arts/ani/Walk A Armed Shield.fbx
  artifactKey: Guid(01283eaf349d3d043afdf361abad7805) Importer(815301076,1909f56bfc062723c751e8b465ee728b)
Start importing Assets/Inventory/Arts/ani/Walk A Armed Shield.fbx using Guid(01283eaf349d3d043afdf361abad7805) Importer(815301076,1909f56bfc062723c751e8b465ee728b)  -> (artifact id: 'a22273d8b5ca935826a5a9a05404f560') in 0.004233 seconds 
  Import took 0.006439 seconds .

========================================================================
Received Import Request.
  Time since last request: 0.000156 seconds.
  path: Assets/Inventory/Art/ani/Walk Hold.fbx
  artifactKey: Guid(24d1c1d2f4e3a5e47a9f141d779eae44) Importer(815301076,1909f56bfc062723c751e8b465ee728b)
Start importing Assets/Inventory/Art/ani/Walk Hold.fbx using Guid(24d1c1d2f4e3a5e47a9f141d779eae44) Importer(815301076,1909f56bfc062723c751e8b465ee728b)  -> (artifact id: 'c1fa1fcd5e27b21eb8e7f5ef75f06442') in 0.005432 seconds 
  Import took 0.007341 seconds .

========================================================================
Received Import Request.
  Time since last request: 0.275838 seconds.
  path: Assets/Inventory/Arts/ani/Walk A Armed.fbx
  artifactKey: Guid(a60f031ad24484e4198c74529e0c28d7) Importer(815301076,1909f56bfc062723c751e8b465ee728b)
Start importing Assets/Inventory/Arts/ani/Walk A Armed.fbx using Guid(a60f031ad24484e4198c74529e0c28d7) Importer(815301076,1909f56bfc062723c751e8b465ee728b)  -> (artifact id: '908221e831ea9d4f6a670383c1fb4ef0') in 0.004045 seconds 
  Import took 0.006165 seconds .

========================================================================
Received Import Request.
  Time since last request: 0.000154 seconds.
  path: Assets/Inventory/Art/ani/Walk A Armed Shield.fbx
  artifactKey: Guid(79c6835e88ea44c4cba9621d8f933d64) Importer(815301076,1909f56bfc062723c751e8b465ee728b)
Start importing Assets/Inventory/Art/ani/Walk A Armed Shield.fbx using Guid(79c6835e88ea44c4cba9621d8f933d64) Importer(815301076,1909f56bfc062723c751e8b465ee728b)  -> (artifact id: 'a9672c8981da128cea14ff4622371ee0') in 0.005855 seconds 
  Import took 0.008409 seconds .

========================================================================
Received Import Request.
  Time since last request: 0.029468 seconds.
  path: Assets/Inventory/Arts/ani/Walk A.fbx
  artifactKey: Guid(9c013240f5beae945933254d91c2a8ef) Importer(815301076,1909f56bfc062723c751e8b465ee728b)
Start importing Assets/Inventory/Arts/ani/Walk A.fbx using Guid(9c013240f5beae945933254d91c2a8ef) Importer(815301076,1909f56bfc062723c751e8b465ee728b)  -> (artifact id: '9e04bab5ea657bdffdbfe92a12b7cbb4') in 0.004649 seconds 
  Import took 0.007056 seconds .

========================================================================
Received Import Request.
  Time since last request: 0.000138 seconds.
  path: Assets/Inventory/Art/ani/Walk A Armed.fbx
  artifactKey: Guid(c1d6313c0c8e2c54db07d7d57508716d) Importer(815301076,1909f56bfc062723c751e8b465ee728b)
Start importing Assets/Inventory/Art/ani/Walk A Armed.fbx using Guid(c1d6313c0c8e2c54db07d7d57508716d) Importer(815301076,1909f56bfc062723c751e8b465ee728b)  -> (artifact id: '968641a3e4d9e56a9e07848e0b02a52b') in 0.005085 seconds 
  Import took 0.006930 seconds .

========================================================================
Received Import Request.
  Time since last request: 0.000135 seconds.
  path: Assets/Inventory/Arts/ani/Throw Hold.fbx
  artifactKey: Guid(2d85d50eae77ed74eb2da5ba3e19777a) Importer(815301076,1909f56bfc062723c751e8b465ee728b)
Start importing Assets/Inventory/Arts/ani/Throw Hold.fbx using Guid(2d85d50eae77ed74eb2da5ba3e19777a) Importer(815301076,1909f56bfc062723c751e8b465ee728b)  -> (artifact id: 'e5f3c75caedfe763255313b3a43418d0') in 0.004482 seconds 
  Import took 0.006348 seconds .

========================================================================
Received Import Request.
  Time since last request: 0.000191 seconds.
  path: Assets/Inventory/Art/ani/Walk A.fbx
  artifactKey: Guid(6ccfa121dedfe914c857cf6b73f834e8) Importer(815301076,1909f56bfc062723c751e8b465ee728b)
Start importing Assets/Inventory/Art/ani/Walk A.fbx using Guid(6ccfa121dedfe914c857cf6b73f834e8) Importer(815301076,1909f56bfc062723c751e8b465ee728b)  -> (artifact id: '7a2995f6b23e031e6bd762f37b52b2fb') in 0.005426 seconds 
  Import took 0.007372 seconds .

========================================================================
Received Import Request.
  Time since last request: 0.016091 seconds.
  path: Assets/Inventory/Arts/ani/Stunned.fbx
  artifactKey: Guid(8049b08efe1d99248a8221ea69aae3dd) Importer(815301076,1909f56bfc062723c751e8b465ee728b)
Start importing Assets/Inventory/Arts/ani/Stunned.fbx using Guid(8049b08efe1d99248a8221ea69aae3dd) Importer(815301076,1909f56bfc062723c751e8b465ee728b)  -> (artifact id: '9b8427da0612aa2ccf03f0df29991c69') in 0.004382 seconds 
  Import took 0.006563 seconds .

========================================================================
Received Import Request.
  Time since last request: 0.000184 seconds.
  path: Assets/Inventory/Art/ani/Throw Hold.fbx
  artifactKey: Guid(929eaeaeeda59424d8e51e3d7f2e490c) Importer(815301076,1909f56bfc062723c751e8b465ee728b)
Start importing Assets/Inventory/Art/ani/Throw Hold.fbx using Guid(929eaeaeeda59424d8e51e3d7f2e490c) Importer(815301076,1909f56bfc062723c751e8b465ee728b)  -> (artifact id: '33d97b659c816cb7784cbef0c1ea2078') in 0.005335 seconds 
  Import took 0.007235 seconds .

========================================================================
Received Import Request.
  Time since last request: 0.964786 seconds.
  path: Assets/Inventory/Arts/ani/Strain Push.fbx
  artifactKey: Guid(f37aefbba65844c4c9c9571831ce4237) Importer(815301076,1909f56bfc062723c751e8b465ee728b)
Start importing Assets/Inventory/Arts/ani/Strain Push.fbx using Guid(f37aefbba65844c4c9c9571831ce4237) Importer(815301076,1909f56bfc062723c751e8b465ee728b)  -> (artifact id: 'f30f5073d2d89d575881da04749326fa') in 0.004529 seconds 
  Import took 0.006634 seconds .

========================================================================
Received Import Request.
  Time since last request: 0.000150 seconds.
  path: Assets/Inventory/Art/ani/Stunned.fbx
  artifactKey: Guid(ea930d655052b0743892347bcad0e401) Importer(815301076,1909f56bfc062723c751e8b465ee728b)
Start importing Assets/Inventory/Art/ani/Stunned.fbx using Guid(ea930d655052b0743892347bcad0e401) Importer(815301076,1909f56bfc062723c751e8b465ee728b)  -> (artifact id: 'ff8a1ecbb646cae5f49938b6e8b4d952') in 0.006063 seconds 
  Import took 0.008345 seconds .

========================================================================
Received Import Request.
  Time since last request: 0.000131 seconds.
  path: Assets/Inventory/Arts/ani/Strain Pull.fbx
  artifactKey: Guid(4361fac55e25e8f448e1c4e3b71dc84c) Importer(815301076,1909f56bfc062723c751e8b465ee728b)
Start importing Assets/Inventory/Arts/ani/Strain Pull.fbx using Guid(4361fac55e25e8f448e1c4e3b71dc84c) Importer(815301076,1909f56bfc062723c751e8b465ee728b)  -> (artifact id: 'f9e6667f3a6cc4c92ed7817e8142cd36') in 0.004307 seconds 
  Import took 0.006158 seconds .

========================================================================
Received Import Request.
  Time since last request: 0.000219 seconds.
  path: Assets/Inventory/Art/ani/Strain Push.fbx
  artifactKey: Guid(4f25448fd43fc0144bd4b20a7b4e43e2) Importer(815301076,1909f56bfc062723c751e8b465ee728b)
Start importing Assets/Inventory/Art/ani/Strain Push.fbx using Guid(4f25448fd43fc0144bd4b20a7b4e43e2) Importer(815301076,1909f56bfc062723c751e8b465ee728b)  -> (artifact id: 'c363810fb0b9039c0e2ed3348210c8be') in 0.006305 seconds 
  Import took 0.008292 seconds .

========================================================================
Received Import Request.
  Time since last request: 0.017050 seconds.
  path: Assets/Inventory/Art/ani/Run A Armed.fbx
  artifactKey: Guid(efb3aff4ccc0ce54797aed5edbc11d66) Importer(815301076,1909f56bfc062723c751e8b465ee728b)
Start importing Assets/Inventory/Art/ani/Run A Armed.fbx using Guid(efb3aff4ccc0ce54797aed5edbc11d66) Importer(815301076,1909f56bfc062723c751e8b465ee728b)  -> (artifact id: 'b586ac12e722fd02f357b1e85f93a533') in 0.004974 seconds 
  Import took 0.007050 seconds .

========================================================================
Received Import Request.
  Time since last request: 0.000161 seconds.
  path: Assets/Inventory/Arts/ani/Strain Pick Up.fbx
  artifactKey: Guid(dac2636435ed5b1499c7b72b2f7e3e14) Importer(815301076,1909f56bfc062723c751e8b465ee728b)
Start importing Assets/Inventory/Arts/ani/Strain Pick Up.fbx using Guid(dac2636435ed5b1499c7b72b2f7e3e14) Importer(815301076,1909f56bfc062723c751e8b465ee728b)  -> (artifact id: 'bb9bd36c3ff9899572b4129244f0c11f') in 0.003740 seconds 
  Import took 0.005569 seconds .

========================================================================
Received Import Request.
  Time since last request: 0.000139 seconds.
  path: Assets/Inventory/Art/ani/Strain Pull.fbx
  artifactKey: Guid(a76b39b54578ba44ba0b60eb7d468d70) Importer(815301076,1909f56bfc062723c751e8b465ee728b)
Start importing Assets/Inventory/Art/ani/Strain Pull.fbx using Guid(a76b39b54578ba44ba0b60eb7d468d70) Importer(815301076,1909f56bfc062723c751e8b465ee728b)  -> (artifact id: '6f1608835d8297f9b4806903735e6e23') in 0.005471 seconds 
  Import took 0.007442 seconds .

========================================================================
Received Import Request.
  Time since last request: 0.000134 seconds.
  path: Assets/Inventory/Art/ani/Ready Damage Front.fbx
  artifactKey: Guid(64834f2d123c06c458f1ce7bd88b4a93) Importer(815301076,1909f56bfc062723c751e8b465ee728b)
Start importing Assets/Inventory/Art/ani/Ready Damage Front.fbx using Guid(64834f2d123c06c458f1ce7bd88b4a93) Importer(815301076,1909f56bfc062723c751e8b465ee728b)  -> (artifact id: 'b36d6a067c73fe4f11970207e78a6c5c') in 0.005192 seconds 
  Import took 0.007035 seconds .

========================================================================
Received Import Request.
  Time since last request: 0.000182 seconds.
  path: Assets/Inventory/Arts/ani/Ready Damage Front.fbx
  artifactKey: Guid(400ebcb7327c50d478e2d94ce666f583) Importer(815301076,1909f56bfc062723c751e8b465ee728b)
Start importing Assets/Inventory/Arts/ani/Ready Damage Front.fbx using Guid(400ebcb7327c50d478e2d94ce666f583) Importer(815301076,1909f56bfc062723c751e8b465ee728b)  -> (artifact id: 'b2a3737ca0933a6eae130f760bb975b5') in 0.003976 seconds 
  Import took 0.006023 seconds .

========================================================================
Received Import Request.
  Time since last request: 0.000168 seconds.
  path: Assets/Inventory/Art/ani/Ready Damage Back.fbx
  artifactKey: Guid(70cc790c6f874da41bab657c0984561d) Importer(815301076,1909f56bfc062723c751e8b465ee728b)
Start importing Assets/Inventory/Art/ani/Ready Damage Back.fbx using Guid(70cc790c6f874da41bab657c0984561d) Importer(815301076,1909f56bfc062723c751e8b465ee728b)  -> (artifact id: 'eeaef0fafcd1d2c368ee66de6e7627eb') in 0.005289 seconds 
  Import took 0.007197 seconds .

========================================================================
Received Import Request.
  Time since last request: 0.000161 seconds.
  path: Assets/Inventory/Arts/ani/Idle Hold.fbx
  artifactKey: Guid(afccfc52c029ed24db024b5b6283ea7f) Importer(815301076,1909f56bfc062723c751e8b465ee728b)
Start importing Assets/Inventory/Arts/ani/Idle Hold.fbx using Guid(afccfc52c029ed24db024b5b6283ea7f) Importer(815301076,1909f56bfc062723c751e8b465ee728b)  -> (artifact id: '76c24c520b9234d206eb4935bb304e8b') in 0.003593 seconds 
  Import took 0.005489 seconds .

========================================================================
Received Import Request.
  Time since last request: 0.000201 seconds.
  path: Assets/Inventory/Arts/ani/Pick Up Hold.fbx
  artifactKey: Guid(e7c477cf1715f6a43b542848a2430231) Importer(815301076,1909f56bfc062723c751e8b465ee728b)
Start importing Assets/Inventory/Arts/ani/Pick Up Hold.fbx using Guid(e7c477cf1715f6a43b542848a2430231) Importer(815301076,1909f56bfc062723c751e8b465ee728b)  -> (artifact id: '14f1199fc33c1828d5695ff8fad05187') in 0.003856 seconds 
  Import took 0.005726 seconds .

========================================================================
Received Import Request.
  Time since last request: 0.000160 seconds.
  path: Assets/Inventory/Arts/ani/Pull Hold.fbx
  artifactKey: Guid(b6107612ff50ccd4d83d2d0bf907d92b) Importer(815301076,1909f56bfc062723c751e8b465ee728b)
Start importing Assets/Inventory/Arts/ani/Pull Hold.fbx using Guid(b6107612ff50ccd4d83d2d0bf907d92b) Importer(815301076,1909f56bfc062723c751e8b465ee728b)  -> (artifact id: 'fa8844c8c26c508cef15bfa14cd05eac') in 0.004537 seconds 
  Import took 0.006670 seconds .

========================================================================
Received Import Request.
  Time since last request: 0.000158 seconds.
  path: Assets/Inventory/Art/ani/Die B.fbx
  artifactKey: Guid(7c1d7a30ef4d13b448e36f24debd35f4) Importer(815301076,1909f56bfc062723c751e8b465ee728b)
Start importing Assets/Inventory/Art/ani/Die B.fbx using Guid(7c1d7a30ef4d13b448e36f24debd35f4) Importer(815301076,1909f56bfc062723c751e8b465ee728b)  -> (artifact id: 'bc2fb7f95eb0a33a2e6bcb24815fa672') in 0.005763 seconds 
  Import took 0.007651 seconds .

========================================================================
Received Import Request.
  Time since last request: 0.000162 seconds.
  path: Assets/Inventory/Art/ani/Idle A Armed Shield.fbx
  artifactKey: Guid(25f31ec7d1935c8438deeb1e129f184f) Importer(815301076,1909f56bfc062723c751e8b465ee728b)
Start importing Assets/Inventory/Art/ani/Idle A Armed Shield.fbx using Guid(25f31ec7d1935c8438deeb1e129f184f) Importer(815301076,1909f56bfc062723c751e8b465ee728b)  -> (artifact id: 'a427297186e4682eb5883c2120587f02') in 0.004775 seconds 
  Import took 0.006596 seconds .

========================================================================
Received Import Request.
  Time since last request: 0.000155 seconds.
  path: Assets/Inventory/Arts/ani/Idle Jump Armed.fbx
  artifactKey: Guid(628de1a26d507774f9a0819a7a02b79b) Importer(815301076,1909f56bfc062723c751e8b465ee728b)
Start importing Assets/Inventory/Arts/ani/Idle Jump Armed.fbx using Guid(628de1a26d507774f9a0819a7a02b79b) Importer(815301076,1909f56bfc062723c751e8b465ee728b)  -> (artifact id: '7021e6d0572e22b163eddc093e60f249') in 0.003762 seconds 
  Import took 0.005702 seconds .

========================================================================
Received Import Request.
  Time since last request: 0.000172 seconds.
  path: Assets/Inventory/Arts/ani/Ready Damage Back.fbx
  artifactKey: Guid(f0350f928d7c194478c37fe625703a8f) Importer(815301076,1909f56bfc062723c751e8b465ee728b)
Start importing Assets/Inventory/Arts/ani/Ready Damage Back.fbx using Guid(f0350f928d7c194478c37fe625703a8f) Importer(815301076,1909f56bfc062723c751e8b465ee728b)  -> (artifact id: '45a5e3f77081026798657d333a435d76') in 0.003764 seconds 
  Import took 0.006002 seconds .

========================================================================
Received Import Request.
  Time since last request: 0.000134 seconds.
  path: Assets/Inventory/Arts/ani/Idle A Armed Shield.fbx
  artifactKey: Guid(494f400bec56d474f8e997d94d2c5594) Importer(815301076,1909f56bfc062723c751e8b465ee728b)
Start importing Assets/Inventory/Arts/ani/Idle A Armed Shield.fbx using Guid(494f400bec56d474f8e997d94d2c5594) Importer(815301076,1909f56bfc062723c751e8b465ee728b)  -> (artifact id: '72584c3cfaee439d2140dbbba7c8547d') in 0.003573 seconds 
  Import took 0.005337 seconds .

========================================================================
Received Import Request.
  Time since last request: 0.000128 seconds.
  path: Assets/Inventory/Art/ani/Ready Damage Right.fbx
  artifactKey: Guid(ca1b0d465e43ae6468ed26dbfc7acd4b) Importer(815301076,1909f56bfc062723c751e8b465ee728b)
Start importing Assets/Inventory/Art/ani/Ready Damage Right.fbx using Guid(ca1b0d465e43ae6468ed26dbfc7acd4b) Importer(815301076,1909f56bfc062723c751e8b465ee728b)  -> (artifact id: '1383aebec4f8425051f9e1ace9a651db') in 0.004886 seconds 
  Import took 0.007255 seconds .

========================================================================
Received Import Request.
  Time since last request: 0.000142 seconds.
  path: Assets/Inventory/Art/ani/Idle Hold.fbx
  artifactKey: Guid(ab233837e633cf34fb9582bc3e4b2bea) Importer(815301076,1909f56bfc062723c751e8b465ee728b)
Start importing Assets/Inventory/Art/ani/Idle Hold.fbx using Guid(ab233837e633cf34fb9582bc3e4b2bea) Importer(815301076,1909f56bfc062723c751e8b465ee728b)  -> (artifact id: '17fc242f2952766126ab943e2fc71651') in 0.004702 seconds 
  Import took 0.006635 seconds .

========================================================================
Received Import Request.
  Time since last request: 0.000140 seconds.
  path: Assets/Inventory/Art/ani/Push Hold.fbx
  artifactKey: Guid(03332f3875c320d4c913a1fae23baa94) Importer(815301076,1909f56bfc062723c751e8b465ee728b)
Start importing Assets/Inventory/Art/ani/Push Hold.fbx using Guid(03332f3875c320d4c913a1fae23baa94) Importer(815301076,1909f56bfc062723c751e8b465ee728b)  -> (artifact id: '39d02be05366bbbe2c287457751265a4') in 0.004623 seconds 
  Import took 0.006474 seconds .

========================================================================
Received Import Request.
  Time since last request: 0.000166 seconds.
  path: Assets/Inventory/Art/ani/Die C.fbx
  artifactKey: Guid(272078f0d6dbb044ebfe193b5b9046a6) Importer(815301076,1909f56bfc062723c751e8b465ee728b)
Start importing Assets/Inventory/Art/ani/Die C.fbx using Guid(272078f0d6dbb044ebfe193b5b9046a6) Importer(815301076,1909f56bfc062723c751e8b465ee728b)  -> (artifact id: 'da2b9dbd280a0c0b6133a2418e3e5c56') in 0.006034 seconds 
  Import took 0.008016 seconds .

========================================================================
Received Import Request.
  Time since last request: 0.000139 seconds.
  path: Assets/Inventory/Arts/ani/Ready Damage Left.fbx
  artifactKey: Guid(bba4430aebe03834eb213c3b78e2a796) Importer(815301076,1909f56bfc062723c751e8b465ee728b)
Start importing Assets/Inventory/Arts/ani/Ready Damage Left.fbx using Guid(bba4430aebe03834eb213c3b78e2a796) Importer(815301076,1909f56bfc062723c751e8b465ee728b)  -> (artifact id: 'ed264acd496ef02940dd69d2dcda859c') in 0.004210 seconds 
  Import took 0.006348 seconds .

========================================================================
Received Import Request.
  Time since last request: 0.000189 seconds.
  path: Assets/Inventory/Art/ani/Attack C.fbx
  artifactKey: Guid(06f4134eff0cbfe438e8b37df5070111) Importer(815301076,1909f56bfc062723c751e8b465ee728b)
Start importing Assets/Inventory/Art/ani/Attack C.fbx using Guid(06f4134eff0cbfe438e8b37df5070111) Importer(815301076,1909f56bfc062723c751e8b465ee728b)  -> (artifact id: '4cab39b25594338ba433c1ca95c8d879') in 0.005533 seconds 
  Import took 0.007542 seconds .

========================================================================
Received Import Request.
  Time since last request: 0.000196 seconds.
  path: Assets/Inventory/Arts/ani/Push Hold.fbx
  artifactKey: Guid(7c5845a96c8b5dd4f95cd3aa6675c7fe) Importer(815301076,1909f56bfc062723c751e8b465ee728b)
Start importing Assets/Inventory/Arts/ani/Push Hold.fbx using Guid(7c5845a96c8b5dd4f95cd3aa6675c7fe) Importer(815301076,1909f56bfc062723c751e8b465ee728b)  -> (artifact id: 'ca7c05543c9353420cf9e3b4ff89da3a') in 0.004213 seconds 
  Import took 0.006159 seconds .

========================================================================
Received Import Request.
  Time since last request: 0.000185 seconds.
  path: Assets/Inventory/Arts/ani/Die C.fbx
  artifactKey: Guid(8d23fc60ac27e134b8d571948374a10f) Importer(815301076,1909f56bfc062723c751e8b465ee728b)
Start importing Assets/Inventory/Arts/ani/Die C.fbx using Guid(8d23fc60ac27e134b8d571948374a10f) Importer(815301076,1909f56bfc062723c751e8b465ee728b)  -> (artifact id: 'b1635eb022651e60524d42bd38cf5f93') in 0.004319 seconds 
  Import took 0.006195 seconds .

========================================================================
Received Import Request.
  Time since last request: 0.000183 seconds.
  path: Assets/Inventory/Arts/ani/Attack C.fbx
  artifactKey: Guid(ae084372daf13eb488e495c49eec9764) Importer(815301076,1909f56bfc062723c751e8b465ee728b)
Start importing Assets/Inventory/Arts/ani/Attack C.fbx using Guid(ae084372daf13eb488e495c49eec9764) Importer(815301076,1909f56bfc062723c751e8b465ee728b)  -> (artifact id: 'c093581a1ac5a290d7e3b0c209992a3e') in 0.005934 seconds 
  Import took 0.007813 seconds .

========================================================================
Received Import Request.
  Time since last request: 0.000140 seconds.
  path: Assets/Inventory/Arts/ani/Ready A.fbx
  artifactKey: Guid(30113a4ce1bc33f40a2c026b4166dbf4) Importer(815301076,1909f56bfc062723c751e8b465ee728b)
Start importing Assets/Inventory/Arts/ani/Ready A.fbx using Guid(30113a4ce1bc33f40a2c026b4166dbf4) Importer(815301076,1909f56bfc062723c751e8b465ee728b)  -> (artifact id: 'c853e85557ddf4f82109daedc3bfc4a3') in 0.004131 seconds 
  Import took 0.005997 seconds .

========================================================================
Received Import Request.
  Time since last request: 0.000137 seconds.
  path: Assets/Inventory/Arts/ani/Idle A Armed.fbx
  artifactKey: Guid(a3ce1d93cfbad4e47ab097e07447292f) Importer(815301076,1909f56bfc062723c751e8b465ee728b)
Start importing Assets/Inventory/Arts/ani/Idle A Armed.fbx using Guid(a3ce1d93cfbad4e47ab097e07447292f) Importer(815301076,1909f56bfc062723c751e8b465ee728b)  -> (artifact id: '44122eb5e37340854c64caae9ddd21ee') in 0.004236 seconds 
  Import took 0.006206 seconds .

========================================================================
Received Import Request.
  Time since last request: 0.000132 seconds.
  path: Assets/Inventory/Art/ani/Idle A Armed.fbx
  artifactKey: Guid(6df1e123172fb8c418e7367bacd79177) Importer(815301076,1909f56bfc062723c751e8b465ee728b)
Start importing Assets/Inventory/Art/ani/Idle A Armed.fbx using Guid(6df1e123172fb8c418e7367bacd79177) Importer(815301076,1909f56bfc062723c751e8b465ee728b)  -> (artifact id: '6605218d4c56d3d2afc5f888f65be202') in 0.005220 seconds 
  Import took 0.007102 seconds .

========================================================================
Received Import Request.
  Time since last request: 0.000163 seconds.
  path: Assets/Inventory/Art/ani/Ready Damage Left.fbx
  artifactKey: Guid(97ecc89a1e9e7244eb0f10914efbea52) Importer(815301076,1909f56bfc062723c751e8b465ee728b)
Start importing Assets/Inventory/Art/ani/Ready Damage Left.fbx using Guid(97ecc89a1e9e7244eb0f10914efbea52) Importer(815301076,1909f56bfc062723c751e8b465ee728b)  -> (artifact id: '839d4d3d2bc489bea8f88c7ce8997b77') in 0.005795 seconds 
  Import took 0.007754 seconds .

========================================================================
Received Import Request.
  Time since last request: 0.000162 seconds.
  path: Assets/Inventory/Art/ani/Strain Pick Up.fbx
  artifactKey: Guid(53ed662736e01b54e822b4818638eb57) Importer(815301076,1909f56bfc062723c751e8b465ee728b)
Start importing Assets/Inventory/Art/ani/Strain Pick Up.fbx using Guid(53ed662736e01b54e822b4818638eb57) Importer(815301076,1909f56bfc062723c751e8b465ee728b)  -> (artifact id: '1ffe2b7fe4593f02e114e4dd867adb1a') in 0.005868 seconds 
  Import took 0.008067 seconds .

========================================================================
Received Import Request.
  Time since last request: 0.000124 seconds.
  path: Assets/Inventory/Arts/ani/Attack B.fbx
  artifactKey: Guid(3ed0488cf6fc432479b92db6498336a0) Importer(815301076,1909f56bfc062723c751e8b465ee728b)
Start importing Assets/Inventory/Arts/ani/Attack B.fbx using Guid(3ed0488cf6fc432479b92db6498336a0) Importer(815301076,1909f56bfc062723c751e8b465ee728b)  -> (artifact id: 'c18874a022af5a32425dc92b2f606f2f') in 0.004772 seconds 
  Import took 0.006732 seconds .

========================================================================
Received Import Request.
  Time since last request: 0.000160 seconds.
  path: Assets/Inventory/Art/ani/Running Jump Armed.fbx
  artifactKey: Guid(b7e1fae8ca9632a42b2c3d6e5c547e72) Importer(815301076,1909f56bfc062723c751e8b465ee728b)
Start importing Assets/Inventory/Art/ani/Running Jump Armed.fbx using Guid(b7e1fae8ca9632a42b2c3d6e5c547e72) Importer(815301076,1909f56bfc062723c751e8b465ee728b)  -> (artifact id: 'e0b52ab295cea1cfab47fcd1080f0453') in 0.005976 seconds 
  Import took 0.007978 seconds .

========================================================================
Received Import Request.
  Time since last request: 0.000160 seconds.
  path: Assets/Inventory/Art/ani/Idle Jump Armed.fbx
  artifactKey: Guid(681bf860a4bac8e44a903b8e4ce20a6c) Importer(815301076,1909f56bfc062723c751e8b465ee728b)
Start importing Assets/Inventory/Art/ani/Idle Jump Armed.fbx using Guid(681bf860a4bac8e44a903b8e4ce20a6c) Importer(815301076,1909f56bfc062723c751e8b465ee728b)  -> (artifact id: '9ebe9fa24cc90b3ccdfab8e98f76ec63') in 0.005723 seconds 
  Import took 0.007645 seconds .

========================================================================
Received Import Request.
  Time since last request: 0.000148 seconds.
  path: Assets/Inventory/Art/ani/Pick Up Hold.fbx
  artifactKey: Guid(e899d0e34f148ed46ad28f2be144bad6) Importer(815301076,1909f56bfc062723c751e8b465ee728b)
Start importing Assets/Inventory/Art/ani/Pick Up Hold.fbx using Guid(e899d0e34f148ed46ad28f2be144bad6) Importer(815301076,1909f56bfc062723c751e8b465ee728b)  -> (artifact id: '2edb9681b48ffc7302d11dc04473c6c3') in 0.005620 seconds 
  Import took 0.007573 seconds .

========================================================================
Received Import Request.
  Time since last request: 0.000187 seconds.
  path: Assets/Inventory/Arts/ani/Die A.fbx
  artifactKey: Guid(7bea89c066cf57d43b5826f10c16436d) Importer(815301076,1909f56bfc062723c751e8b465ee728b)
Start importing Assets/Inventory/Arts/ani/Die A.fbx using Guid(7bea89c066cf57d43b5826f10c16436d) Importer(815301076,1909f56bfc062723c751e8b465ee728b)  -> (artifact id: 'cef21ec424170de74b9ed988be52c872') in 0.004240 seconds 
  Import took 0.006315 seconds .

========================================================================
Received Import Request.
  Time since last request: 0.000176 seconds.
  path: Assets/Inventory/Arts/ani/Ready Damage Right.fbx
  artifactKey: Guid(699bbe409f140a249a09b891b9a6127a) Importer(815301076,1909f56bfc062723c751e8b465ee728b)
Start importing Assets/Inventory/Arts/ani/Ready Damage Right.fbx using Guid(699bbe409f140a249a09b891b9a6127a) Importer(815301076,1909f56bfc062723c751e8b465ee728b)  -> (artifact id: '66512e5dd0d603ce995efcd763adb429') in 0.004447 seconds 
  Import took 0.006422 seconds .

========================================================================
Received Import Request.
  Time since last request: 0.000152 seconds.
  path: Assets/Inventory/Art/ani/Idle C.fbx
  artifactKey: Guid(de4ad664ba92ec5459faac9d1dfd3c1a) Importer(815301076,1909f56bfc062723c751e8b465ee728b)
Start importing Assets/Inventory/Art/ani/Idle C.fbx using Guid(de4ad664ba92ec5459faac9d1dfd3c1a) Importer(815301076,1909f56bfc062723c751e8b465ee728b)  -> (artifact id: 'd156d99d0e0b412b09b1ad2212d0fe61') in 0.005199 seconds 
  Import took 0.007083 seconds .

========================================================================
Received Import Request.
  Time since last request: 0.000142 seconds.
  path: Assets/Inventory/Art/ani/Die A.fbx
  artifactKey: Guid(3fa981c1890ff214581f7618521cdf9f) Importer(815301076,1909f56bfc062723c751e8b465ee728b)
Start importing Assets/Inventory/Art/ani/Die A.fbx using Guid(3fa981c1890ff214581f7618521cdf9f) Importer(815301076,1909f56bfc062723c751e8b465ee728b)  -> (artifact id: '27fcaa240aabf4e61aeb3de419d2202c') in 0.005357 seconds 
  Import took 0.007608 seconds .

========================================================================
Received Import Request.
  Time since last request: 0.000149 seconds.
  path: Assets/Inventory/Arts/ani/Running Jump Armed.fbx
  artifactKey: Guid(f8e0a553b0db27d4db16533a1d9a59d4) Importer(815301076,1909f56bfc062723c751e8b465ee728b)
Start importing Assets/Inventory/Arts/ani/Running Jump Armed.fbx using Guid(f8e0a553b0db27d4db16533a1d9a59d4) Importer(815301076,1909f56bfc062723c751e8b465ee728b)  -> (artifact id: '250ec9795cb3d16ca927f6ba152b40a2') in 0.004469 seconds 
  Import took 0.006450 seconds .

========================================================================
Received Import Request.
  Time since last request: 0.000131 seconds.
  path: Assets/Inventory/Arts/ani/Attack A.fbx
  artifactKey: Guid(5bc82aabc73fddd4395245474215a3dc) Importer(815301076,1909f56bfc062723c751e8b465ee728b)
Start importing Assets/Inventory/Arts/ani/Attack A.fbx using Guid(5bc82aabc73fddd4395245474215a3dc) Importer(815301076,1909f56bfc062723c751e8b465ee728b)  -> (artifact id: '38438a8ddeedbf1a21fed8dc373a12aa') in 0.004823 seconds 
  Import took 0.006711 seconds .

========================================================================
Received Import Request.
  Time since last request: 0.000128 seconds.
  path: Assets/Inventory/Art/ani/Pull Hold.fbx
  artifactKey: Guid(3f14ba0c93c38ec42b10cc261ed52822) Importer(815301076,1909f56bfc062723c751e8b465ee728b)
Start importing Assets/Inventory/Art/ani/Pull Hold.fbx using Guid(3f14ba0c93c38ec42b10cc261ed52822) Importer(815301076,1909f56bfc062723c751e8b465ee728b)  -> (artifact id: 'bd5443aa3d53eaa36b634b4439adb866') in 0.008168 seconds 
  Import took 0.010345 seconds .

========================================================================
Received Prepare
Registering precompiled user dll's ...
Registered in 0.001022 seconds.
Begin MonoManager ReloadAssembly
Native extension for WindowsStandalone target not found
Refreshing native plugins compatible for Editor in 0.30 ms, found 2 plugins.
Preloading 0 native plugins for Editor in 0.00 ms.
Mono: successfully reloaded assembly
- Completed reload, in  0.655 seconds
Domain Reload Profiling:
	ReloadAssembly (655ms)
		BeginReloadAssembly (74ms)
			ExecutionOrderSort (0ms)
			DisableScriptedObjects (3ms)
			BackupInstance (0ms)
			ReleaseScriptingObjects (0ms)
			CreateAndSetChildDomain (23ms)
		EndReloadAssembly (539ms)
			LoadAssemblies (56ms)
			RebuildTransferFunctionScriptingTraits (0ms)
			SetupTypeCache (189ms)
			ReleaseScriptCaches (1ms)
			RebuildScriptCaches (28ms)
			SetupLoadedEditorAssemblies (194ms)
				LogAssemblyErrors (0ms)
				InitializePlatformSupportModulesInManaged (4ms)
				SetLoadedEditorAssemblies (0ms)
				RefreshPlugins (0ms)
				BeforeProcessingInitializeOnLoad (49ms)
				ProcessInitializeOnLoadAttributes (136ms)
				ProcessInitializeOnLoadMethodAttributes (3ms)
				AfterProcessingInitializeOnLoad (2ms)
				EditorAssembliesLoaded (0ms)
			ExecutionOrderSort2 (0ms)
			AwakeInstancesAfterBackupRestoration (5ms)
Platform modules already initialized, skipping
Refreshing native plugins compatible for Editor in 0.33 ms, found 2 plugins.
Preloading 0 native plugins for Editor in 0.00 ms.
Unloading 1396 Unused Serialized files (Serialized files now loaded: 0)
System memory in use before: 67.1 MB.
System memory in use after: 67.2 MB.

Unloading 11 unused Assets to reduce memory usage. Loaded Objects now: 1849.
Total: 2.081600 ms (FindLiveObjects: 0.135000 ms CreateObjectMapping: 0.041800 ms MarkObjects: 1.891900 ms  DeleteObjects: 0.012000 ms)

AssetImportParameters requested are different than current active one (requested -> active):
  custom:framework-win-MediaFoundation: 216162199b28c13a410421893ffa2e32 -> 
  custom:video-decoder-ogg-theora: a1e56fd34408186e4bbccfd4996cb3dc -> 
  custom:container-muxer-webm: aa71ff27fc2769a1b78a27578f13a17b -> 
  custom:container-demuxer-webm: 4f35f7cbe854078d1ac9338744f61a02 -> 
  custom:container-demuxer-ogg: 62fdf1f143b41e24485cea50d1cbac27 -> 
  custom:video-encoder-webm-vp8: eb34c28f22e8b96e1ab97ce403110664 -> 
  custom:video-decoder-webm-vp8: 9c59270c3fd7afecdb556c50c9e8de78 -> 
  custom:audio-decoder-ogg-vorbis: bf7c407c2cedff20999df2af8eb42d56 -> 
  custom:audio-encoder-webm-vorbis: bf7c407c2cedff20999df2af8eb42d56 -> 
========================================================================
Received Prepare
Registering precompiled user dll's ...
Registered in 0.001057 seconds.
Begin MonoManager ReloadAssembly
Native extension for WindowsStandalone target not found
Refreshing native plugins compatible for Editor in 0.31 ms, found 2 plugins.
Preloading 0 native plugins for Editor in 0.00 ms.
Mono: successfully reloaded assembly
- Completed reload, in  0.684 seconds
Domain Reload Profiling:
	ReloadAssembly (685ms)
		BeginReloadAssembly (88ms)
			ExecutionOrderSort (0ms)
			DisableScriptedObjects (3ms)
			BackupInstance (0ms)
			ReleaseScriptingObjects (0ms)
			CreateAndSetChildDomain (24ms)
		EndReloadAssembly (554ms)
			LoadAssemblies (58ms)
			RebuildTransferFunctionScriptingTraits (0ms)
			SetupTypeCache (198ms)
			ReleaseScriptCaches (1ms)
			RebuildScriptCaches (28ms)
			SetupLoadedEditorAssemblies (196ms)
				LogAssemblyErrors (0ms)
				InitializePlatformSupportModulesInManaged (4ms)
				SetLoadedEditorAssemblies (0ms)
				RefreshPlugins (0ms)
				BeforeProcessingInitializeOnLoad (49ms)
				ProcessInitializeOnLoadAttributes (137ms)
				ProcessInitializeOnLoadMethodAttributes (3ms)
				AfterProcessingInitializeOnLoad (2ms)
				EditorAssembliesLoaded (0ms)
			ExecutionOrderSort2 (0ms)
			AwakeInstancesAfterBackupRestoration (6ms)
Platform modules already initialized, skipping
Refreshing native plugins compatible for Editor in 0.26 ms, found 2 plugins.
Preloading 0 native plugins for Editor in 0.00 ms.
Unloading 1396 Unused Serialized files (Serialized files now loaded: 0)
System memory in use before: 67.1 MB.
System memory in use after: 67.2 MB.

Unloading 11 unused Assets to reduce memory usage. Loaded Objects now: 1851.
Total: 2.032700 ms (FindLiveObjects: 0.132400 ms CreateObjectMapping: 0.036800 ms MarkObjects: 1.851000 ms  DeleteObjects: 0.011700 ms)

AssetImportParameters requested are different than current active one (requested -> active):
  custom:framework-win-MediaFoundation: 216162199b28c13a410421893ffa2e32 -> 
  custom:video-decoder-ogg-theora: a1e56fd34408186e4bbccfd4996cb3dc -> 
  custom:container-muxer-webm: aa71ff27fc2769a1b78a27578f13a17b -> 
  custom:container-demuxer-webm: 4f35f7cbe854078d1ac9338744f61a02 -> 
  custom:container-demuxer-ogg: 62fdf1f143b41e24485cea50d1cbac27 -> 
  custom:video-encoder-webm-vp8: eb34c28f22e8b96e1ab97ce403110664 -> 
  custom:video-decoder-webm-vp8: 9c59270c3fd7afecdb556c50c9e8de78 -> 
  custom:audio-decoder-ogg-vorbis: bf7c407c2cedff20999df2af8eb42d56 -> 
  custom:audio-encoder-webm-vorbis: bf7c407c2cedff20999df2af8eb42d56 -> 
========================================================================
Received Prepare
Registering precompiled user dll's ...
Registered in 0.001029 seconds.
Begin MonoManager ReloadAssembly
Native extension for WindowsStandalone target not found
Refreshing native plugins compatible for Editor in 0.30 ms, found 2 plugins.
Preloading 0 native plugins for Editor in 0.00 ms.
Mono: successfully reloaded assembly
- Completed reload, in  0.699 seconds
Domain Reload Profiling:
	ReloadAssembly (699ms)
		BeginReloadAssembly (83ms)
			ExecutionOrderSort (0ms)
			DisableScriptedObjects (4ms)
			BackupInstance (0ms)
			ReleaseScriptingObjects (0ms)
			CreateAndSetChildDomain (22ms)
		EndReloadAssembly (574ms)
			LoadAssemblies (58ms)
			RebuildTransferFunctionScriptingTraits (0ms)
			SetupTypeCache (198ms)
			ReleaseScriptCaches (1ms)
			RebuildScriptCaches (28ms)
			SetupLoadedEditorAssemblies (198ms)
				LogAssemblyErrors (0ms)
				InitializePlatformSupportModulesInManaged (4ms)
				SetLoadedEditorAssemblies (0ms)
				RefreshPlugins (0ms)
				BeforeProcessingInitializeOnLoad (50ms)
				ProcessInitializeOnLoadAttributes (139ms)
				ProcessInitializeOnLoadMethodAttributes (3ms)
				AfterProcessingInitializeOnLoad (2ms)
				EditorAssembliesLoaded (0ms)
			ExecutionOrderSort2 (0ms)
			AwakeInstancesAfterBackupRestoration (5ms)
Platform modules already initialized, skipping
Refreshing native plugins compatible for Editor in 0.33 ms, found 2 plugins.
Preloading 0 native plugins for Editor in 0.00 ms.
Unloading 1396 Unused Serialized files (Serialized files now loaded: 0)
System memory in use before: 67.1 MB.
System memory in use after: 67.2 MB.

Unloading 11 unused Assets to reduce memory usage. Loaded Objects now: 1853.
Total: 2.079300 ms (FindLiveObjects: 0.133900 ms CreateObjectMapping: 0.040800 ms MarkObjects: 1.891000 ms  DeleteObjects: 0.012600 ms)

AssetImportParameters requested are different than current active one (requested -> active):
  custom:framework-win-MediaFoundation: 216162199b28c13a410421893ffa2e32 -> 
  custom:video-decoder-ogg-theora: a1e56fd34408186e4bbccfd4996cb3dc -> 
  custom:container-muxer-webm: aa71ff27fc2769a1b78a27578f13a17b -> 
  custom:container-demuxer-webm: 4f35f7cbe854078d1ac9338744f61a02 -> 
  custom:container-demuxer-ogg: 62fdf1f143b41e24485cea50d1cbac27 -> 
  custom:video-encoder-webm-vp8: eb34c28f22e8b96e1ab97ce403110664 -> 
  custom:video-decoder-webm-vp8: 9c59270c3fd7afecdb556c50c9e8de78 -> 
  custom:audio-decoder-ogg-vorbis: bf7c407c2cedff20999df2af8eb42d56 -> 
  custom:audio-encoder-webm-vorbis: bf7c407c2cedff20999df2af8eb42d56 -> 
========================================================================
Received Prepare
Registering precompiled user dll's ...
Registered in 0.001031 seconds.
Begin MonoManager ReloadAssembly
Native extension for WindowsStandalone target not found
Refreshing native plugins compatible for Editor in 0.30 ms, found 2 plugins.
Preloading 0 native plugins for Editor in 0.00 ms.
Mono: successfully reloaded assembly
- Completed reload, in  0.689 seconds
Domain Reload Profiling:
	ReloadAssembly (690ms)
		BeginReloadAssembly (79ms)
			ExecutionOrderSort (0ms)
			DisableScriptedObjects (4ms)
			BackupInstance (0ms)
			ReleaseScriptingObjects (0ms)
			CreateAndSetChildDomain (24ms)
		EndReloadAssembly (567ms)
			LoadAssemblies (57ms)
			RebuildTransferFunctionScriptingTraits (0ms)
			SetupTypeCache (196ms)
			ReleaseScriptCaches (1ms)
			RebuildScriptCaches (29ms)
			SetupLoadedEditorAssemblies (209ms)
				LogAssemblyErrors (0ms)
				InitializePlatformSupportModulesInManaged (4ms)
				SetLoadedEditorAssemblies (0ms)
				RefreshPlugins (0ms)
				BeforeProcessingInitializeOnLoad (51ms)
				ProcessInitializeOnLoadAttributes (149ms)
				ProcessInitializeOnLoadMethodAttributes (3ms)
				AfterProcessingInitializeOnLoad (2ms)
				EditorAssembliesLoaded (0ms)
			ExecutionOrderSort2 (0ms)
			AwakeInstancesAfterBackupRestoration (5ms)
Platform modules already initialized, skipping
Refreshing native plugins compatible for Editor in 0.29 ms, found 2 plugins.
Preloading 0 native plugins for Editor in 0.00 ms.
Unloading 1396 Unused Serialized files (Serialized files now loaded: 0)
System memory in use before: 67.1 MB.
System memory in use after: 67.2 MB.

Unloading 11 unused Assets to reduce memory usage. Loaded Objects now: 1855.
Total: 2.006100 ms (FindLiveObjects: 0.121500 ms CreateObjectMapping: 0.036300 ms MarkObjects: 1.837700 ms  DeleteObjects: 0.009900 ms)

AssetImportParameters requested are different than current active one (requested -> active):
  custom:framework-win-MediaFoundation: 216162199b28c13a410421893ffa2e32 -> 
  custom:video-decoder-ogg-theora: a1e56fd34408186e4bbccfd4996cb3dc -> 
  custom:container-muxer-webm: aa71ff27fc2769a1b78a27578f13a17b -> 
  custom:container-demuxer-webm: 4f35f7cbe854078d1ac9338744f61a02 -> 
  custom:container-demuxer-ogg: 62fdf1f143b41e24485cea50d1cbac27 -> 
  custom:video-encoder-webm-vp8: eb34c28f22e8b96e1ab97ce403110664 -> 
  custom:video-decoder-webm-vp8: 9c59270c3fd7afecdb556c50c9e8de78 -> 
  custom:audio-decoder-ogg-vorbis: bf7c407c2cedff20999df2af8eb42d56 -> 
  custom:audio-encoder-webm-vorbis: bf7c407c2cedff20999df2af8eb42d56 -> 
========================================================================
Received Prepare
Registering precompiled user dll's ...
Registered in 0.001154 seconds.
Begin MonoManager ReloadAssembly
Native extension for WindowsStandalone target not found
Refreshing native plugins compatible for Editor in 0.32 ms, found 2 plugins.
Preloading 0 native plugins for Editor in 0.00 ms.
Mono: successfully reloaded assembly
- Completed reload, in  0.711 seconds
Domain Reload Profiling:
	ReloadAssembly (711ms)
		BeginReloadAssembly (91ms)
			ExecutionOrderSort (0ms)
			DisableScriptedObjects (4ms)
			BackupInstance (0ms)
			ReleaseScriptingObjects (0ms)
			CreateAndSetChildDomain (24ms)
		EndReloadAssembly (575ms)
			LoadAssemblies (60ms)
			RebuildTransferFunctionScriptingTraits (0ms)
			SetupTypeCache (203ms)
			ReleaseScriptCaches (1ms)
			RebuildScriptCaches (29ms)
			SetupLoadedEditorAssemblies (207ms)
				LogAssemblyErrors (0ms)
				InitializePlatformSupportModulesInManaged (4ms)
				SetLoadedEditorAssemblies (0ms)
				RefreshPlugins (0ms)
				BeforeProcessingInitializeOnLoad (52ms)
				ProcessInitializeOnLoadAttributes (145ms)
				ProcessInitializeOnLoadMethodAttributes (3ms)
				AfterProcessingInitializeOnLoad (2ms)
				EditorAssembliesLoaded (0ms)
			ExecutionOrderSort2 (0ms)
			AwakeInstancesAfterBackupRestoration (6ms)
Platform modules already initialized, skipping
Refreshing native plugins compatible for Editor in 0.33 ms, found 2 plugins.
Preloading 0 native plugins for Editor in 0.00 ms.
Unloading 1396 Unused Serialized files (Serialized files now loaded: 0)
System memory in use before: 67.1 MB.
System memory in use after: 67.2 MB.

Unloading 11 unused Assets to reduce memory usage. Loaded Objects now: 1857.
Total: 2.132900 ms (FindLiveObjects: 0.129000 ms CreateObjectMapping: 0.038400 ms MarkObjects: 1.952800 ms  DeleteObjects: 0.011700 ms)

AssetImportParameters requested are different than current active one (requested -> active):
  custom:framework-win-MediaFoundation: 216162199b28c13a410421893ffa2e32 -> 
  custom:video-decoder-ogg-theora: a1e56fd34408186e4bbccfd4996cb3dc -> 
  custom:container-muxer-webm: aa71ff27fc2769a1b78a27578f13a17b -> 
  custom:container-demuxer-webm: 4f35f7cbe854078d1ac9338744f61a02 -> 
  custom:container-demuxer-ogg: 62fdf1f143b41e24485cea50d1cbac27 -> 
  custom:video-encoder-webm-vp8: eb34c28f22e8b96e1ab97ce403110664 -> 
  custom:video-decoder-webm-vp8: 9c59270c3fd7afecdb556c50c9e8de78 -> 
  custom:audio-decoder-ogg-vorbis: bf7c407c2cedff20999df2af8eb42d56 -> 
  custom:audio-encoder-webm-vorbis: bf7c407c2cedff20999df2af8eb42d56 -> 
========================================================================
Received Import Request.
  Time since last request: 387.789350 seconds.
  path: Assets/Inventory/Arts/UI/Textures/UI/rpg/rpg-backpack.png
  artifactKey: Guid(b4d38ba42a6917a4cb0cef5df70c5e93) Importer(815301076,1909f56bfc062723c751e8b465ee728b)
Start importing Assets/Inventory/Arts/UI/Textures/UI/rpg/rpg-backpack.png using Guid(b4d38ba42a6917a4cb0cef5df70c5e93) Importer(815301076,1909f56bfc062723c751e8b465ee728b)  -> (artifact id: '7bfdcc222d84466d3be1d4511a33ba8e') in 0.053438 seconds 
  Import took 0.055554 seconds .

========================================================================
Received Import Request.
  Time since last request: 0.000267 seconds.
  path: Assets/Inventory/Art/UI/Textures/UI/rpg/rpg-close-disabled.png
  artifactKey: Guid(3894fdac8d2a97e4783071c2a8cf3d56) Importer(815301076,1909f56bfc062723c751e8b465ee728b)
Start importing Assets/Inventory/Art/UI/Textures/UI/rpg/rpg-close-disabled.png using Guid(3894fdac8d2a97e4783071c2a8cf3d56) Importer(815301076,1909f56bfc062723c751e8b465ee728b)  -> (artifact id: 'c61313ec7494c3f1e168eb091db7d997') in 0.006961 seconds 
  Import took 0.008774 seconds .

========================================================================
Received Import Request.
  Time since last request: 0.000146 seconds.
  path: Assets/Inventory/Art/UI/Textures/UI/rpg/rpg-close-pressed.png
  artifactKey: Guid(90ea52fc2df54f540b705d687dd74a65) Importer(815301076,1909f56bfc062723c751e8b465ee728b)
Start importing Assets/Inventory/Art/UI/Textures/UI/rpg/rpg-close-pressed.png using Guid(90ea52fc2df54f540b705d687dd74a65) Importer(815301076,1909f56bfc062723c751e8b465ee728b)  -> (artifact id: '97114f030c64f417e2ceb96931594281') in 0.009652 seconds 
  Import took 0.011531 seconds .

========================================================================
Received Import Request.
  Time since last request: 0.000140 seconds.
  path: Assets/Inventory/Art/UI/Textures/UI/rpg/rpg-btn-bkg.png
  artifactKey: Guid(69227c04b2c8cfb439233fc3ee2f3e2a) Importer(815301076,1909f56bfc062723c751e8b465ee728b)
Start importing Assets/Inventory/Art/UI/Textures/UI/rpg/rpg-btn-bkg.png using Guid(69227c04b2c8cfb439233fc3ee2f3e2a) Importer(815301076,1909f56bfc062723c751e8b465ee728b)  -> (artifact id: '07fe31beaffbff1201b742bc0ebc8d31') in 0.008055 seconds 
  Import took 0.010009 seconds .

========================================================================
Received Import Request.
  Time since last request: 0.000140 seconds.
  path: Assets/Inventory/Arts/UI/Textures/UI/rpg/rpg-close-hover.png
  artifactKey: Guid(a7d96f9eed97757499f04641e2bba379) Importer(815301076,1909f56bfc062723c751e8b465ee728b)
Start importing Assets/Inventory/Arts/UI/Textures/UI/rpg/rpg-close-hover.png using Guid(a7d96f9eed97757499f04641e2bba379) Importer(815301076,1909f56bfc062723c751e8b465ee728b)  -> (artifact id: 'c39bfabe1f4cb5bc4a6f2e27e857249d') in 0.009860 seconds 
  Import took 0.011703 seconds .

========================================================================
Received Import Request.
  Time since last request: 0.000135 seconds.
  path: Assets/Inventory/Arts/UI/Textures/UI/rpg/rpg-btn.png
  artifactKey: Guid(8d5d74c870e70fe469dc9a36c96b552a) Importer(815301076,1909f56bfc062723c751e8b465ee728b)
Start importing Assets/Inventory/Arts/UI/Textures/UI/rpg/rpg-btn.png using Guid(8d5d74c870e70fe469dc9a36c96b552a) Importer(815301076,1909f56bfc062723c751e8b465ee728b)  -> (artifact id: 'e6045357460fc1a97520e58c24fc418c') in 0.013517 seconds 
  Import took 0.015402 seconds .

========================================================================
Received Import Request.
  Time since last request: 0.000129 seconds.
  path: Assets/Inventory/Art/UI/Textures/UI/rpg/rpg-backpack.png
  artifactKey: Guid(dabc4b6296f288944902309a78716664) Importer(815301076,1909f56bfc062723c751e8b465ee728b)
Start importing Assets/Inventory/Art/UI/Textures/UI/rpg/rpg-backpack.png using Guid(dabc4b6296f288944902309a78716664) Importer(815301076,1909f56bfc062723c751e8b465ee728b)  -> (artifact id: '85f3c73365406e5b66f23a2785e39c8d') in 0.010700 seconds 
  Import took 0.013090 seconds .

========================================================================
Received Import Request.
  Time since last request: 0.000127 seconds.
  path: Assets/Inventory/Art/UI/Textures/UI/rpg/rpg-close-hover.png
  artifactKey: Guid(5028d6f10646ac9469836ecadd57e3d7) Importer(815301076,1909f56bfc062723c751e8b465ee728b)
Start importing Assets/Inventory/Art/UI/Textures/UI/rpg/rpg-close-hover.png using Guid(5028d6f10646ac9469836ecadd57e3d7) Importer(815301076,1909f56bfc062723c751e8b465ee728b)  -> (artifact id: '9f36a9fe8549de3515a878e288de51ee') in 0.005847 seconds 
  Import took 0.007717 seconds .

========================================================================
Received Import Request.
  Time since last request: 0.000160 seconds.
  path: Assets/Inventory/Arts/UI/Textures/UI/rpg/rpg-close-pressed.png
  artifactKey: Guid(e4f2c6026271acd45a1ba3d095a7c942) Importer(815301076,1909f56bfc062723c751e8b465ee728b)
Start importing Assets/Inventory/Arts/UI/Textures/UI/rpg/rpg-close-pressed.png using Guid(e4f2c6026271acd45a1ba3d095a7c942) Importer(815301076,1909f56bfc062723c751e8b465ee728b)  -> (artifact id: '8973c592d6dc4c8953f55dc5a97878c3') in 0.008981 seconds 
  Import took 0.010866 seconds .

========================================================================
Received Import Request.
  Time since last request: 0.000133 seconds.
  path: Assets/Inventory/Art/UI/Textures/UI/rpg/rpg-body.png
  artifactKey: Guid(5fe7e2d343282224e9df8595e1afa10f) Importer(815301076,1909f56bfc062723c751e8b465ee728b)
Start importing Assets/Inventory/Art/UI/Textures/UI/rpg/rpg-body.png using Guid(5fe7e2d343282224e9df8595e1afa10f) Importer(815301076,1909f56bfc062723c751e8b465ee728b)  -> (artifact id: '2845b0b5f2d5f3f3ced439c6fb56a732') in 0.012542 seconds 
  Import took 0.014469 seconds .

========================================================================
Received Import Request.
  Time since last request: 0.000166 seconds.
  path: Assets/Inventory/Arts/UI/Textures/UI/rpg/rpg-close-disabled.png
  artifactKey: Guid(24a95d7372e9b6941a0f0058d0d5965d) Importer(815301076,1909f56bfc062723c751e8b465ee728b)
Start importing Assets/Inventory/Arts/UI/Textures/UI/rpg/rpg-close-disabled.png using Guid(24a95d7372e9b6941a0f0058d0d5965d) Importer(815301076,1909f56bfc062723c751e8b465ee728b)  -> (artifact id: '8726f378d5ea08cfde7e0fce16cc171c') in 0.005700 seconds 
  Import took 0.007517 seconds .

========================================================================
Received Import Request.
  Time since last request: 0.000190 seconds.
  path: Assets/Inventory/Arts/UI/Textures/UI/rpg/rpg-close.png
  artifactKey: Guid(1d7ef4845f3fa544bb534b5fd639b4ee) Importer(815301076,1909f56bfc062723c751e8b465ee728b)
Start importing Assets/Inventory/Arts/UI/Textures/UI/rpg/rpg-close.png using Guid(1d7ef4845f3fa544bb534b5fd639b4ee) Importer(815301076,1909f56bfc062723c751e8b465ee728b)  -> (artifact id: 'a6de354a3adc1728b54ac8b3b4e597b0') in 0.009082 seconds 
  Import took 0.010948 seconds .

========================================================================
Received Import Request.
  Time since last request: 0.000122 seconds.
  path: Assets/Inventory/Art/UI/Textures/UI/rpg/rpg-btn.png
  artifactKey: Guid(cc16b8d8bb2aeb943b399f9f2657994f) Importer(815301076,1909f56bfc062723c751e8b465ee728b)
Start importing Assets/Inventory/Art/UI/Textures/UI/rpg/rpg-btn.png using Guid(cc16b8d8bb2aeb943b399f9f2657994f) Importer(815301076,1909f56bfc062723c751e8b465ee728b)  -> (artifact id: '82b43d9fc21d4002c10dd79050c95349') in 0.006078 seconds 
  Import took 0.007936 seconds .

========================================================================
Received Import Request.
  Time since last request: 0.000137 seconds.
  path: Assets/Inventory/Art/UI/Textures/UI/rpg/rpg-close.png
  artifactKey: Guid(3b7c354eaf1614144895874eb31daf8b) Importer(815301076,1909f56bfc062723c751e8b465ee728b)
Start importing Assets/Inventory/Art/UI/Textures/UI/rpg/rpg-close.png using Guid(3b7c354eaf1614144895874eb31daf8b) Importer(815301076,1909f56bfc062723c751e8b465ee728b)  -> (artifact id: '4278971ebf4e3bca6e825d3d46174344') in 0.006412 seconds 
  Import took 0.008288 seconds .

========================================================================
Received Import Request.
  Time since last request: 0.000139 seconds.
  path: Assets/Inventory/Arts/UI/Textures/UI/rpg/rpg-body.png
  artifactKey: Guid(2d79b895cd810754485efed7ba764959) Importer(815301076,1909f56bfc062723c751e8b465ee728b)
Start importing Assets/Inventory/Arts/UI/Textures/UI/rpg/rpg-body.png using Guid(2d79b895cd810754485efed7ba764959) Importer(815301076,1909f56bfc062723c751e8b465ee728b)  -> (artifact id: '4e5dc61f3956591bf70d284a19c5b540') in 0.004980 seconds 
  Import took 0.006999 seconds .

========================================================================
Received Import Request.
  Time since last request: 0.000130 seconds.
  path: Assets/Inventory/Arts/UI/Textures/UI/rpg/rpg-btn-bkg.png
  artifactKey: Guid(fc2e7f0dc114ea346be4a9b3052880cf) Importer(815301076,1909f56bfc062723c751e8b465ee728b)
Start importing Assets/Inventory/Arts/UI/Textures/UI/rpg/rpg-btn-bkg.png using Guid(fc2e7f0dc114ea346be4a9b3052880cf) Importer(815301076,1909f56bfc062723c751e8b465ee728b)  -> (artifact id: 'a603b188e357b0fd46be9c567784fa86') in 0.005610 seconds 
  Import took 0.007499 seconds .

========================================================================
Received Import Request.
  Time since last request: 1.926799 seconds.
  path: Assets/Inventory/Art/UI/Textures/UI/rpg/rpg-window.png
  artifactKey: Guid(e2e926d7506c80c46b2e1708f748737b) Importer(815301076,1909f56bfc062723c751e8b465ee728b)
Start importing Assets/Inventory/Art/UI/Textures/UI/rpg/rpg-window.png using Guid(e2e926d7506c80c46b2e1708f748737b) Importer(815301076,1909f56bfc062723c751e8b465ee728b)  -> (artifact id: '0ebc26d1336f67650d1bd5698fe10e10') in 0.006676 seconds 
  Import took 0.011432 seconds .

========================================================================
Received Import Request.
  Time since last request: 0.000185 seconds.
  path: Assets/Inventory/Arts/UI/Textures/UI/rpg/rpg-window.png
  artifactKey: Guid(7aeb9991054ed79478899325601cc65b) Importer(815301076,1909f56bfc062723c751e8b465ee728b)
Start importing Assets/Inventory/Arts/UI/Textures/UI/rpg/rpg-window.png using Guid(7aeb9991054ed79478899325601cc65b) Importer(815301076,1909f56bfc062723c751e8b465ee728b)  -> (artifact id: '5f36dd6c9108805143532d9b850df9c2') in 0.005575 seconds 
  Import took 0.007386 seconds .

========================================================================
Received Prepare
Registering precompiled user dll's ...
Registered in 0.001337 seconds.
Begin MonoManager ReloadAssembly
Native extension for WindowsStandalone target not found
Refreshing native plugins compatible for Editor in 0.30 ms, found 2 plugins.
Preloading 0 native plugins for Editor in 0.00 ms.
Mono: successfully reloaded assembly
- Completed reload, in  0.672 seconds
Domain Reload Profiling:
	ReloadAssembly (672ms)
		BeginReloadAssembly (88ms)
			ExecutionOrderSort (0ms)
			DisableScriptedObjects (3ms)
			BackupInstance (0ms)
			ReleaseScriptingObjects (0ms)
			CreateAndSetChildDomain (24ms)
		EndReloadAssembly (543ms)
			LoadAssemblies (57ms)
			RebuildTransferFunctionScriptingTraits (0ms)
			SetupTypeCache (191ms)
			ReleaseScriptCaches (1ms)
			RebuildScriptCaches (27ms)
			SetupLoadedEditorAssemblies (196ms)
				LogAssemblyErrors (0ms)
				InitializePlatformSupportModulesInManaged (4ms)
				SetLoadedEditorAssemblies (0ms)
				RefreshPlugins (0ms)
				BeforeProcessingInitializeOnLoad (49ms)
				ProcessInitializeOnLoadAttributes (138ms)
				ProcessInitializeOnLoadMethodAttributes (3ms)
				AfterProcessingInitializeOnLoad (2ms)
				EditorAssembliesLoaded (0ms)
			ExecutionOrderSort2 (0ms)
			AwakeInstancesAfterBackupRestoration (5ms)
Platform modules already initialized, skipping
Refreshing native plugins compatible for Editor in 0.26 ms, found 2 plugins.
Preloading 0 native plugins for Editor in 0.00 ms.
Unloading 1396 Unused Serialized files (Serialized files now loaded: 0)
System memory in use before: 70.3 MB.
System memory in use after: 70.5 MB.

Unloading 11 unused Assets to reduce memory usage. Loaded Objects now: 1869.
Total: 2.055200 ms (FindLiveObjects: 0.119000 ms CreateObjectMapping: 0.038400 ms MarkObjects: 1.886700 ms  DeleteObjects: 0.010500 ms)

AssetImportParameters requested are different than current active one (requested -> active):
  custom:framework-win-MediaFoundation: 216162199b28c13a410421893ffa2e32 -> 
  custom:video-decoder-ogg-theora: a1e56fd34408186e4bbccfd4996cb3dc -> 
  custom:container-muxer-webm: aa71ff27fc2769a1b78a27578f13a17b -> 
  custom:container-demuxer-webm: 4f35f7cbe854078d1ac9338744f61a02 -> 
  custom:container-demuxer-ogg: 62fdf1f143b41e24485cea50d1cbac27 -> 
  custom:video-encoder-webm-vp8: eb34c28f22e8b96e1ab97ce403110664 -> 
  custom:video-decoder-webm-vp8: 9c59270c3fd7afecdb556c50c9e8de78 -> 
  custom:audio-decoder-ogg-vorbis: bf7c407c2cedff20999df2af8eb42d56 -> 
  custom:audio-encoder-webm-vorbis: bf7c407c2cedff20999df2af8eb42d56 -> 
========================================================================
Received Prepare
Registering precompiled user dll's ...
Registered in 0.001127 seconds.
Begin MonoManager ReloadAssembly
Native extension for WindowsStandalone target not found
Refreshing native plugins compatible for Editor in 0.38 ms, found 2 plugins.
Preloading 0 native plugins for Editor in 0.00 ms.
Mono: successfully reloaded assembly
- Completed reload, in  0.710 seconds
Domain Reload Profiling:
	ReloadAssembly (710ms)
		BeginReloadAssembly (89ms)
			ExecutionOrderSort (0ms)
			DisableScriptedObjects (4ms)
			BackupInstance (0ms)
			ReleaseScriptingObjects (0ms)
			CreateAndSetChildDomain (25ms)
		EndReloadAssembly (578ms)
			LoadAssemblies (59ms)
			RebuildTransferFunctionScriptingTraits (0ms)
			SetupTypeCache (206ms)
			ReleaseScriptCaches (1ms)
			RebuildScriptCaches (31ms)
			SetupLoadedEditorAssemblies (202ms)
				LogAssemblyErrors (0ms)
				InitializePlatformSupportModulesInManaged (4ms)
				SetLoadedEditorAssemblies (0ms)
				RefreshPlugins (0ms)
				BeforeProcessingInitializeOnLoad (50ms)
				ProcessInitializeOnLoadAttributes (141ms)
				ProcessInitializeOnLoadMethodAttributes (3ms)
				AfterProcessingInitializeOnLoad (3ms)
				EditorAssembliesLoaded (0ms)
			ExecutionOrderSort2 (0ms)
			AwakeInstancesAfterBackupRestoration (8ms)
Platform modules already initialized, skipping
Refreshing native plugins compatible for Editor in 0.36 ms, found 2 plugins.
Preloading 0 native plugins for Editor in 0.00 ms.
Unloading 1397 Unused Serialized files (Serialized files now loaded: 0)
System memory in use before: 70.4 MB.
System memory in use after: 70.5 MB.

Unloading 11 unused Assets to reduce memory usage. Loaded Objects now: 1872.
Total: 2.124900 ms (FindLiveObjects: 0.146400 ms CreateObjectMapping: 0.039200 ms MarkObjects: 1.925600 ms  DeleteObjects: 0.012800 ms)

AssetImportParameters requested are different than current active one (requested -> active):
  custom:framework-win-MediaFoundation: 216162199b28c13a410421893ffa2e32 -> 
  custom:video-decoder-ogg-theora: a1e56fd34408186e4bbccfd4996cb3dc -> 
  custom:container-muxer-webm: aa71ff27fc2769a1b78a27578f13a17b -> 
  custom:container-demuxer-webm: 4f35f7cbe854078d1ac9338744f61a02 -> 
  custom:container-demuxer-ogg: 62fdf1f143b41e24485cea50d1cbac27 -> 
  custom:video-encoder-webm-vp8: eb34c28f22e8b96e1ab97ce403110664 -> 
  custom:video-decoder-webm-vp8: 9c59270c3fd7afecdb556c50c9e8de78 -> 
  custom:audio-decoder-ogg-vorbis: bf7c407c2cedff20999df2af8eb42d56 -> 
  custom:audio-encoder-webm-vorbis: bf7c407c2cedff20999df2af8eb42d56 -> 
========================================================================
Received Import Request.
  Time since last request: 1166.820229 seconds.
  path: Assets/Inventory/Scripts/IconMgr.cs
  artifactKey: Guid(626fe99f60b27f348b9adeb2fe36ec05) Importer(815301076,1909f56bfc062723c751e8b465ee728b)
Start importing Assets/Inventory/Scripts/IconMgr.cs using Guid(626fe99f60b27f348b9adeb2fe36ec05) Importer(815301076,1909f56bfc062723c751e8b465ee728b)  -> (artifact id: '02d87532eb5eac4877e7b3e502417288') in 0.002973 seconds 
  Import took 0.004970 seconds .

========================================================================
Received Prepare
Registering precompiled user dll's ...
Registered in 0.001025 seconds.
Begin MonoManager ReloadAssembly
Native extension for WindowsStandalone target not found
Refreshing native plugins compatible for Editor in 0.30 ms, found 2 plugins.
Preloading 0 native plugins for Editor in 0.00 ms.
Mono: successfully reloaded assembly
- Completed reload, in  0.676 seconds
Domain Reload Profiling:
	ReloadAssembly (676ms)
		BeginReloadAssembly (78ms)
			ExecutionOrderSort (0ms)
			DisableScriptedObjects (3ms)
			BackupInstance (0ms)
			ReleaseScriptingObjects (0ms)
			CreateAndSetChildDomain (24ms)
		EndReloadAssembly (555ms)
			LoadAssemblies (58ms)
			RebuildTransferFunctionScriptingTraits (0ms)
			SetupTypeCache (199ms)
			ReleaseScriptCaches (1ms)
			RebuildScriptCaches (29ms)
			SetupLoadedEditorAssemblies (196ms)
				LogAssemblyErrors (0ms)
				InitializePlatformSupportModulesInManaged (4ms)
				SetLoadedEditorAssemblies (0ms)
				RefreshPlugins (0ms)
				BeforeProcessingInitializeOnLoad (49ms)
				ProcessInitializeOnLoadAttributes (138ms)
				ProcessInitializeOnLoadMethodAttributes (3ms)
				AfterProcessingInitializeOnLoad (2ms)
				EditorAssembliesLoaded (0ms)
			ExecutionOrderSort2 (0ms)
			AwakeInstancesAfterBackupRestoration (5ms)
Platform modules already initialized, skipping
Refreshing native plugins compatible for Editor in 0.28 ms, found 2 plugins.
Preloading 0 native plugins for Editor in 0.00 ms.
Unloading 1397 Unused Serialized files (Serialized files now loaded: 0)
System memory in use before: 70.4 MB.
System memory in use after: 70.5 MB.

Unloading 11 unused Assets to reduce memory usage. Loaded Objects now: 1874.
Total: 2.062900 ms (FindLiveObjects: 0.115500 ms CreateObjectMapping: 0.039400 ms MarkObjects: 1.895200 ms  DeleteObjects: 0.012100 ms)

AssetImportParameters requested are different than current active one (requested -> active):
  custom:framework-win-MediaFoundation: 216162199b28c13a410421893ffa2e32 -> 
  custom:video-decoder-ogg-theora: a1e56fd34408186e4bbccfd4996cb3dc -> 
  custom:container-muxer-webm: aa71ff27fc2769a1b78a27578f13a17b -> 
  custom:container-demuxer-webm: 4f35f7cbe854078d1ac9338744f61a02 -> 
  custom:container-demuxer-ogg: 62fdf1f143b41e24485cea50d1cbac27 -> 
  custom:video-encoder-webm-vp8: eb34c28f22e8b96e1ab97ce403110664 -> 
  custom:video-decoder-webm-vp8: 9c59270c3fd7afecdb556c50c9e8de78 -> 
  custom:audio-decoder-ogg-vorbis: bf7c407c2cedff20999df2af8eb42d56 -> 
  custom:audio-encoder-webm-vorbis: bf7c407c2cedff20999df2af8eb42d56 -> 
========================================================================
Received Import Request.
  Time since last request: 16.269898 seconds.
  path: Assets/Inventory/Scripts/Editor/ED_SkinSet.cs
  artifactKey: Guid(504d09d237b149e4c83c7d476f047235) Importer(815301076,1909f56bfc062723c751e8b465ee728b)
Start importing Assets/Inventory/Scripts/Editor/ED_SkinSet.cs using Guid(504d09d237b149e4c83c7d476f047235) Importer(815301076,1909f56bfc062723c751e8b465ee728b)  -> (artifact id: '795ef18d36988b2a299752ca2f479307') in 0.002929 seconds 
  Import took 0.005069 seconds .

========================================================================
Received Import Request.
  Time since last request: 1.204978 seconds.
  path: Assets/Inventory/Scripts/Editor/ED_SkinSet1.cs
  artifactKey: Guid(e6dce0f2539a6354986ee099fb4da76e) Importer(815301076,1909f56bfc062723c751e8b465ee728b)
Start importing Assets/Inventory/Scripts/Editor/ED_SkinSet1.cs using Guid(e6dce0f2539a6354986ee099fb4da76e) Importer(815301076,1909f56bfc062723c751e8b465ee728b)  -> (artifact id: 'abe8d45bcdf038861f04248eeeffa614') in 0.000894 seconds 
  Import took 0.003040 seconds .

========================================================================
Received Import Request.
  Time since last request: 22.494519 seconds.
  path: Assets/Inventory/Scripts/Editor/ED_IconMgr.cs
  artifactKey: Guid(e6dce0f2539a6354986ee099fb4da76e) Importer(815301076,1909f56bfc062723c751e8b465ee728b)
Start importing Assets/Inventory/Scripts/Editor/ED_IconMgr.cs using Guid(e6dce0f2539a6354986ee099fb4da76e) Importer(815301076,1909f56bfc062723c751e8b465ee728b)  -> (artifact id: '18365bfee91f623ee1876272d298c4b2') in 0.000904 seconds 
  Import took 0.002887 seconds .

========================================================================
Received Import Request.
  Time since last request: 74.680393 seconds.
  path: Assets/Inventory/Scripts/Editor/ED_IconMgr.cs
  artifactKey: Guid(e6dce0f2539a6354986ee099fb4da76e) Importer(815301076,1909f56bfc062723c751e8b465ee728b)
Start importing Assets/Inventory/Scripts/Editor/ED_IconMgr.cs using Guid(e6dce0f2539a6354986ee099fb4da76e) Importer(815301076,1909f56bfc062723c751e8b465ee728b)  -> (artifact id: '7612295c9e2de9ba15e8eeb4d44ec7f2') in 0.000916 seconds 
  Import took 0.003424 seconds .

========================================================================
Received Import Request.
  Time since last request: 27.032932 seconds.
  path: Assets/Inventory/Scripts/Editor/ED_IconMgr.cs
  artifactKey: Guid(e6dce0f2539a6354986ee099fb4da76e) Importer(815301076,1909f56bfc062723c751e8b465ee728b)
Start importing Assets/Inventory/Scripts/Editor/ED_IconMgr.cs using Guid(e6dce0f2539a6354986ee099fb4da76e) Importer(815301076,1909f56bfc062723c751e8b465ee728b)  -> (artifact id: '0260dee9c2b691e3a6e900f1757037f8') in 0.000847 seconds 
  Import took 0.003010 seconds .

